2025-03-17 17:46:17 - Email from: Saran (saranraj50540@gmail.com)
2025-06-24 21:53:08 - Admin notification sent for Record ID: 1015 - Candidate: Venkatarama Patchipulusu - Modified by: saranraj.s@vdartinc.com - Changes: 1 fields updated
2025-06-24 22:26:17 - Admin notification sent for Record ID: 1015 - Candidate: Venkataramanaaa Patchipulusu - Modified by: saranraj.s@vdartinc.com - Changes: 7 fields updated
2025-06-24 22:33:45 - Admin notification sent for Record ID: 1015 - Candidate: MOCK DATA  DEV PURPOSE - Modified by: saranraj.s@vdartinc.com - Changes: 4 fields updated
2025-06-24 23:23:52 - Admin notification sent for Record ID: 1015 - Candidate: MOCK DATAZ DEV PURPOSE - Modified by: saranraj.s@vdartinc.com - Changes: 1 fields updated
2025-06-25 18:30:43 - Status change notification sent for Record ID: 1015 - Candidate: MOCK DATAZ DEV PURPOSE - Modified by: saranraj.s@vdartinc.com - Status changed
2025-06-25 18:31:46 - Status change notification sent for Record ID: 1015 - Candidate: MOCK DATAZ DEV PURPOSE - Modified by: saranraj.s@vdartinc.com - Status changed
2025-06-25 18:35:24 - Status change notification sent for Record ID: 1015 - Candidate: MOCK DATAZ DEV PURPOSE - Modified by: saranraj.s@vdartinc.com - Status changed
2025-06-25 18:37:18 - Status change notification sent for Record ID: 1014 - Candidate:  Vikash Kumar Gupta - Modified by: saranraj.s@vdartinc.com - Status changed
2025-06-25 18:37:36 - Status change notification sent for Record ID: 1015 - Candidate: MOCK DATAZ DEV PURPOSE - Modified by: saranraj.s@vdartinc.com - Status changed
2025-06-25 18:37:56 - Status change notification sent for Record ID: 1014 - Candidate:  Vikash Kumar Gupta - Modified by: saranraj.s@vdartinc.com - Status changed
2025-06-25 18:41:31 - Status change notification sent for Record ID: 1015 - Candidate: MOCK DATAZ DEV PURPOSE - Modified by: saranraj.s@vdartinc.com - Status changed
2025-06-25 18:56:49 - Status change notification sent for Record ID: 1015 - Candidate: MOCK DATA DEV PURPOSE - Modified by: saranraj.s@vdartinc.com - Status changed
2025-06-25 18:57:22 - Admin notification sent for Record ID: 1015 - Candidate: MOCK DATAZZZ DEV PURPOSE - Modified by: saranraj.s@vdartinc.com - Changes: 1 fields updated
2025-06-25 19:05:47 - Status change notification sent for Record ID: 1015 - Candidate: MOCK DAT DEV PURPOSE - Modified by: saranraj.s@vdartinc.com - Status changed
2025-06-25 19:06:43 - Admin notification sent for Record ID: 1015 - Candidate: MOCK DATAAA DEV PURPOSE - Modified by: saranraj.s@vdartinc.com - Changes: 1 fields updated
2025-06-25 19:08:41 - Status change notification sent for Record ID: 1015 - Candidate: MOCK DATAAA DEV PURPOSE - Modified by: saranraj.s@vdartinc.com - Status changed
2025-06-25 19:09:44 - Status change notification sent for Record ID: 1015 - Candidate: MOCK DATAAA DEV PURPOSE - Modified by: saranraj.s@vdartinc.com - Status changed
2025-06-25 19:15:52 - Status change notification sent for Record ID: 1015 - Candidate: MOCK DATAAA DEV PURPOSE - Modified by: saranraj.s@vdartinc.com - Status changed
2025-06-25 19:16:08 - Admin notification sent for Record ID: 1015 - Candidate: MOCK DATA DEV PURPOSE - Modified by: saranraj.s@vdartinc.com - Changes: 1 fields updated
