{"timestamp":"2025-06-24 20:20:50","user":"unknown","ip":"::1","action":"view","record_id":null,"details":"Viewed dashboard page"}
{"timestamp":"2025-06-24 20:44:12","user":"saranraj.s@vdartinc.com","ip":"::1","action":"view","record_id":null,"details":"Viewed dashboard page"}
{"timestamp":"2025-06-24 20:45:08","user":"saranraj.s@vdartinc.com","ip":"::1","action":"view","record_id":null,"details":"Viewed dashboard page"}
{"timestamp":"2025-06-24 20:45:29","user":"saranraj.s@vdartinc.com","ip":"::1","action":"view","record_id":null,"details":"Viewed dashboard page"}
{"timestamp":"2025-06-24 20:45:36","user":"saranraj.s@vdartinc.com","ip":"::1","action":"view","record_id":null,"details":"Viewed dashboard page"}
{"timestamp":"2025-06-24 20:46:35","user":"saranraj.s@vdartinc.com","ip":"::1","action":"view","record_id":null,"details":"Viewed dashboard page"}
{"timestamp":"2025-06-24 20:49:02","user":"saranraj.s@vdartinc.com","ip":"::1","action":"view","record_id":null,"details":"Viewed dashboard page"}
{"timestamp":"2025-06-24 20:49:38","user":"saranraj.s@vdartinc.com","ip":"::1","action":"view","record_id":null,"details":"Viewed dashboard page"}
{"timestamp":"2025-06-24 20:50:54","user":"saranraj.s@vdartinc.com","ip":"::1","action":"view","record_id":null,"details":"Viewed dashboard page"}
{"timestamp":"2025-06-24 21:01:08","user":"saranraj.s@vdartinc.com","ip":"::1","action":"view","record_id":null,"details":"Viewed dashboard page"}
{"timestamp":"2025-06-24 21:02:14","user":"saranraj.s@vdartinc.com","ip":"::1","action":"view","record_id":null,"details":"Accessed new paperwork form"}
{"timestamp":"2025-06-24 21:02:51","user":"saranraj.s@vdartinc.com","ip":"::1","action":"view","record_id":null,"details":"Viewed dashboard page"}
{"timestamp":"2025-06-24 21:03:02","user":"saranraj.s@vdartinc.com","ip":"::1","action":"view","record_id":1015,"details":"Accessed edit form"}
{"timestamp":"2025-06-24 21:12:00","user":"saranraj.s@vdartinc.com","ip":"::1","action":"view","record_id":1015,"details":"Accessed edit form"}
{"timestamp":"2025-06-24 21:12:09","user":"saranraj.s@vdartinc.com","ip":"::1","action":"view","record_id":1015,"details":"Accessed edit form"}
{"timestamp":"2025-06-24 21:12:09","user":"saranraj.s@vdartinc.com","ip":"::1","action":"update","record_id":1015,"details":"Updated paperwork for Venkatarama Patchipulusu"}
{"timestamp":"2025-06-24 21:12:35","user":"saranraj.s@vdartinc.com","ip":"::1","action":"view","record_id":1015,"details":"Accessed edit form"}
{"timestamp":"2025-06-24 21:12:50","user":"saranraj.s@vdartinc.com","ip":"::1","action":"view","record_id":1015,"details":"Accessed edit form"}
{"timestamp":"2025-06-24 21:27:55","user":"saranraj.s@vdartinc.com","ip":"::1","action":"view","record_id":null,"details":"Viewed dashboard page"}
{"timestamp":"2025-06-24 21:31:10","user":"saranraj.s@vdartinc.com","ip":"::1","action":"view","record_id":null,"details":"Viewed dashboard page"}
{"timestamp":"2025-06-24 21:31:18","user":"saranraj.s@vdartinc.com","ip":"::1","action":"view","record_id":1015,"details":"Accessed edit form"}
{"timestamp":"2025-06-24 21:41:20","user":"saranraj.s@vdartinc.com","ip":"::1","action":"view","record_id":1015,"details":"Accessed edit form"}
{"timestamp":"2025-06-24 21:41:24","user":"saranraj.s@vdartinc.com","ip":"::1","action":"update","record_id":1015,"details":"Updated paperwork for Venkatarama KST Patchipulusu"}
{"timestamp":"2025-06-24 21:46:41","user":"saranraj.s@vdartinc.com","ip":"::1","action":"view","record_id":1015,"details":"Accessed edit form"}
{"timestamp":"2025-06-24 21:46:55","user":"saranraj.s@vdartinc.com","ip":"::1","action":"view","record_id":1015,"details":"Accessed edit form"}
{"timestamp":"2025-06-24 21:47:02","user":"saranraj.s@vdartinc.com","ip":"::1","action":"update","record_id":1015,"details":"Updated paperwork for Venkataramaa Patchipulusu"}
{"timestamp":"2025-06-24 21:48:26","user":"saranraj.s@vdartinc.com","ip":"::1","action":"view","record_id":1015,"details":"Accessed edit form"}
{"timestamp":"2025-06-24 21:53:03","user":"saranraj.s@vdartinc.com","ip":"::1","action":"view","record_id":1015,"details":"Accessed edit form"}
{"timestamp":"2025-06-24 21:53:08","user":"saranraj.s@vdartinc.com","ip":"::1","action":"update","record_id":1015,"details":"Updated paperwork for Venkatarama Patchipulusu"}
{"timestamp":"2025-06-24 21:58:14","user":"saranraj.s@vdartinc.com","ip":"::1","action":"view","record_id":null,"details":"Viewed dashboard page"}
{"timestamp":"2025-06-24 22:07:44","user":"saranraj.s@vdartinc.com","ip":"::1","action":"view","record_id":null,"details":"Viewed dashboard page"}
{"timestamp":"2025-06-24 22:09:49","user":"saranraj.s@vdartinc.com","ip":"::1","action":"view","record_id":1017,"details":"Accessed edit form"}
{"timestamp":"2025-06-24 22:11:12","user":"saranraj.s@vdartinc.com","ip":"::1","action":"view","record_id":1017,"details":"Accessed edit form"}
{"timestamp":"2025-06-24 22:11:23","user":"saranraj.s@vdartinc.com","ip":"::1","action":"view","record_id":1016,"details":"Accessed edit form"}
{"timestamp":"2025-06-24 22:13:44","user":"saranraj.s@vdartinc.com","ip":"::1","action":"view","record_id":1016,"details":"Accessed edit form"}
{"timestamp":"2025-06-24 22:13:48","user":"saranraj.s@vdartinc.com","ip":"::1","action":"view","record_id":null,"details":"Viewed dashboard page"}
{"timestamp":"2025-06-24 22:13:59","user":"saranraj.s@vdartinc.com","ip":"::1","action":"view","record_id":null,"details":"Viewed dashboard page"}
{"timestamp":"2025-06-24 22:17:30","user":"saranraj.s@vdartinc.com","ip":"::1","action":"view","record_id":null,"details":"Viewed dashboard page"}
{"timestamp":"2025-06-24 22:19:17","user":"saranraj.s@vdartinc.com","ip":"::1","action":"view","record_id":1991,"details":"Accessed edit form"}
{"timestamp":"2025-06-24 22:21:31","user":"saranraj.s@vdartinc.com","ip":"::1","action":"view","record_id":1992,"details":"Accessed edit form"}
{"timestamp":"2025-06-24 22:23:17","user":"saranraj.s@vdartinc.com","ip":"::1","action":"view","record_id":2015627,"details":"Accessed edit form"}
{"timestamp":"2025-06-24 22:24:46","user":"saranraj.s@vdartinc.com","ip":"::1","action":"view","record_id":1015,"details":"Accessed edit form"}
{"timestamp":"2025-06-24 22:26:13","user":"saranraj.s@vdartinc.com","ip":"::1","action":"view","record_id":1015,"details":"Accessed edit form"}
{"timestamp":"2025-06-24 22:26:17","user":"saranraj.s@vdartinc.com","ip":"::1","action":"update","record_id":1015,"details":"Updated paperwork for Venkataramanaaa Patchipulusu"}
{"timestamp":"2025-06-24 22:31:22","user":"saranraj.s@vdartinc.com","ip":"::1","action":"view","record_id":null,"details":"Viewed dashboard page"}
{"timestamp":"2025-06-24 22:31:24","user":"saranraj.s@vdartinc.com","ip":"::1","action":"view","record_id":null,"details":"Accessed new paperwork form"}
{"timestamp":"2025-06-24 22:32:58","user":"saranraj.s@vdartinc.com","ip":"::1","action":"view","record_id":1015,"details":"Accessed edit form"}
{"timestamp":"2025-06-24 22:33:41","user":"saranraj.s@vdartinc.com","ip":"::1","action":"view","record_id":1015,"details":"Accessed edit form"}
{"timestamp":"2025-06-24 22:33:45","user":"saranraj.s@vdartinc.com","ip":"::1","action":"update","record_id":1015,"details":"Updated paperwork for MOCK DATA  DEV PURPOSE"}
{"timestamp":"2025-06-24 23:13:28","user":"saranraj.s@vdartinc.com","ip":"::1","action":"view","record_id":null,"details":"Viewed dashboard page"}
{"timestamp":"2025-06-24 23:13:29","user":"saranraj.s@vdartinc.com","ip":"::1","action":"view","record_id":null,"details":"Viewed dashboard page"}
{"timestamp":"2025-06-24 23:23:43","user":"saranraj.s@vdartinc.com","ip":"::1","action":"view","record_id":1015,"details":"Accessed edit form"}
{"timestamp":"2025-06-24 23:23:48","user":"saranraj.s@vdartinc.com","ip":"::1","action":"view","record_id":1015,"details":"Accessed edit form"}
{"timestamp":"2025-06-24 23:23:53","user":"saranraj.s@vdartinc.com","ip":"::1","action":"update","record_id":1015,"details":"Updated paperwork for MOCK DATAZ DEV PURPOSE"}
