{"timestamp":"2025-06-27 00:00:42","user":"saranraj.s@vdartinc.com","ip":"::1","action":"view","record_id":null,"details":"Viewed dashboard page"}
{"timestamp":"2025-06-27 00:00:42","user":"saranraj.s@vdartinc.com","ip":"::1","action":"view","record_id":null,"details":"Viewed dashboard page"}
{"timestamp":"2025-06-27 15:11:35","user":"unknown","ip":"::1","action":"view","record_id":null,"details":"Viewed dashboard page"}
{"timestamp":"2025-06-27 15:11:42","user":"saranraj.s@vdartinc.com","ip":"::1","action":"view","record_id":null,"details":"Viewed dashboard page"}
{"timestamp":"2025-06-27 15:11:45","user":"saranraj.s@vdartinc.com","ip":"::1","action":"view","record_id":null,"details":"Viewed dashboard page"}
{"timestamp":"2025-06-27 15:12:47","user":"saranraj.s@vdartinc.com","ip":"::1","action":"view","record_id":null,"details":"Viewed dashboard page"}
{"timestamp":"2025-06-27 15:12:50","user":"saranraj.s@vdartinc.com","ip":"::1","action":"view","record_id":null,"details":"Viewed dashboard page"}
{"timestamp":"2025-06-27 15:18:17","user":"saranraj.s@vdartinc.com","ip":"::1","action":"view","record_id":null,"details":"Viewed dashboard page"}
{"timestamp":"2025-06-27 15:31:20","user":"saranraj.s@vdartinc.com","ip":"::1","action":"view","record_id":null,"details":"Viewed dashboard page"}
{"timestamp":"2025-06-27 15:31:24","user":"saranraj.s@vdartinc.com","ip":"::1","action":"view","record_id":null,"details":"Viewed dashboard page"}
{"timestamp":"2025-06-27 15:32:09","user":"saranraj.s@vdartinc.com","ip":"::1","action":"view","record_id":null,"details":"Viewed dashboard page"}
{"timestamp":"2025-06-27 15:32:51","user":"saranraj.s@vdartinc.com","ip":"::1","action":"view","record_id":null,"details":"Viewed dashboard page"}
{"timestamp":"2025-06-27 15:34:19","user":"saranraj.s@vdartinc.com","ip":"::1","action":"view","record_id":null,"details":"Viewed dashboard page"}
{"timestamp":"2025-06-27 15:34:37","user":"saranraj.s@vdartinc.com","ip":"::1","action":"view","record_id":null,"details":"Accessed new paperwork form"}
{"timestamp":"2025-06-27 15:53:52","user":"saranraj.s@vdartinc.com","ip":"::1","action":"view","record_id":null,"details":"Viewed dashboard page"}
{"timestamp":"2025-06-27 15:53:53","user":"saranraj.s@vdartinc.com","ip":"::1","action":"view","record_id":null,"details":"Accessed new paperwork form"}
{"timestamp":"2025-06-27 16:06:57","user":"saranraj.s@vdartinc.com","ip":"::1","action":"view","record_id":null,"details":"Accessed new paperwork form"}
{"timestamp":"2025-06-27 16:06:57","user":"saranraj.s@vdartinc.com","ip":"::1","action":"view","record_id":null,"details":"Accessed new paperwork form"}
{"timestamp":"2025-06-27 16:33:59","user":"saranraj.s@vdartinc.com","ip":"::1","action":"view","record_id":null,"details":"Accessed new paperwork form"}
{"timestamp":"2025-06-27 16:34:57","user":"saranraj.s@vdartinc.com","ip":"::1","action":"view","record_id":null,"details":"Viewed dashboard page"}
{"timestamp":"2025-06-27 16:35:12","user":"saranraj.s@vdartinc.com","ip":"::1","action":"view","record_id":null,"details":"Accessed new paperwork form"}
{"timestamp":"2025-06-27 16:35:41","user":"saranraj.s@vdartinc.com","ip":"::1","action":"view","record_id":null,"details":"Viewed dashboard page"}
{"timestamp":"2025-06-27 16:35:47","user":"saranraj.s@vdartinc.com","ip":"::1","action":"view","record_id":2015630,"details":"Accessed edit form"}
{"timestamp":"2025-06-27 16:36:09","user":"saranraj.s@vdartinc.com","ip":"::1","action":"view","record_id":null,"details":"Viewed dashboard page"}
{"timestamp":"2025-06-27 16:36:45","user":"saranraj.s@vdartinc.com","ip":"::1","action":"view","record_id":null,"details":"Viewed dashboard page"}
{"timestamp":"2025-06-27 16:37:43","user":"saranraj.s@vdartinc.com","ip":"::1","action":"view","record_id":null,"details":"Viewed dashboard page"}
{"timestamp":"2025-06-27 16:37:45","user":"saranraj.s@vdartinc.com","ip":"::1","action":"view","record_id":null,"details":"Accessed new paperwork form"}
{"timestamp":"2025-06-27 16:38:17","user":"saranraj.s@vdartinc.com","ip":"::1","action":"view","record_id":null,"details":"Viewed dashboard page"}
{"timestamp":"2025-06-27 16:38:18","user":"saranraj.s@vdartinc.com","ip":"::1","action":"view","record_id":null,"details":"Accessed new paperwork form"}
{"timestamp":"2025-06-27 16:39:03","user":"saranraj.s@vdartinc.com","ip":"::1","action":"view","record_id":2015630,"details":"Accessed edit form"}
{"timestamp":"2025-06-27 16:39:17","user":"saranraj.s@vdartinc.com","ip":"::1","action":"view","record_id":null,"details":"Viewed dashboard page"}
{"timestamp":"2025-06-27 16:39:29","user":"saranraj.s@vdartinc.com","ip":"::1","action":"view","record_id":1013,"details":"Accessed edit form"}
{"timestamp":"2025-06-27 16:39:36","user":"saranraj.s@vdartinc.com","ip":"::1","action":"view","record_id":null,"details":"Viewed dashboard page"}
{"timestamp":"2025-06-27 16:40:14","user":"saranraj.s@vdartinc.com","ip":"::1","action":"view","record_id":null,"details":"Viewed dashboard page"}
{"timestamp":"2025-06-27 16:40:15","user":"saranraj.s@vdartinc.com","ip":"::1","action":"view","record_id":null,"details":"Accessed new paperwork form"}
{"timestamp":"2025-06-27 16:42:32","user":"saranraj.s@vdartinc.com","ip":"::1","action":"view","record_id":null,"details":"Viewed dashboard page"}
{"timestamp":"2025-06-27 16:42:33","user":"saranraj.s@vdartinc.com","ip":"::1","action":"view","record_id":null,"details":"Accessed new paperwork form"}
{"timestamp":"2025-06-27 16:46:40","user":"saranraj.s@vdartinc.com","ip":"::1","action":"view","record_id":2015630,"details":"Accessed edit form"}
{"timestamp":"2025-06-27 17:00:20","user":"saranraj.s@vdartinc.com","ip":"::1","action":"view","record_id":null,"details":"Viewed dashboard page"}
{"timestamp":"2025-06-27 17:00:21","user":"saranraj.s@vdartinc.com","ip":"::1","action":"view","record_id":null,"details":"Accessed new paperwork form"}
{"timestamp":"2025-06-27 17:07:45","user":"saranraj.s@vdartinc.com","ip":"::1","action":"view","record_id":null,"details":"Viewed dashboard page"}
{"timestamp":"2025-06-27 17:07:46","user":"saranraj.s@vdartinc.com","ip":"::1","action":"view","record_id":null,"details":"Accessed new paperwork form"}
{"timestamp":"2025-06-27 17:08:15","user":"saranraj.s@vdartinc.com","ip":"::1","action":"view","record_id":null,"details":"Viewed dashboard page"}
{"timestamp":"2025-06-27 17:08:15","user":"saranraj.s@vdartinc.com","ip":"::1","action":"view","record_id":null,"details":"Accessed new paperwork form"}
{"timestamp":"2025-06-27 17:10:59","user":"saranraj.s@vdartinc.com","ip":"::1","action":"view","record_id":null,"details":"Accessed new paperwork form"}
{"timestamp":"2025-06-27 17:11:03","user":"saranraj.s@vdartinc.com","ip":"::1","action":"view","record_id":null,"details":"Viewed dashboard page"}
{"timestamp":"2025-06-27 17:15:34","user":"saranraj.s@vdartinc.com","ip":"::1","action":"view","record_id":null,"details":"Accessed new paperwork form"}
{"timestamp":"2025-06-27 17:15:38","user":"saranraj.s@vdartinc.com","ip":"::1","action":"view","record_id":null,"details":"Viewed dashboard page"}
{"timestamp":"2025-06-27 17:15:41","user":"saranraj.s@vdartinc.com","ip":"::1","action":"view","record_id":null,"details":"Viewed dashboard page"}
{"timestamp":"2025-06-27 17:15:51","user":"saranraj.s@vdartinc.com","ip":"::1","action":"view","record_id":null,"details":"Viewed dashboard page"}
{"timestamp":"2025-06-27 17:24:28","user":"saranraj.s@vdartinc.com","ip":"::1","action":"view","record_id":null,"details":"Viewed dashboard page"}
{"timestamp":"2025-06-27 17:24:31","user":"saranraj.s@vdartinc.com","ip":"::1","action":"view","record_id":null,"details":"Viewed dashboard page"}
{"timestamp":"2025-06-27 17:28:11","user":"saranraj.s@vdartinc.com","ip":"::1","action":"view","record_id":null,"details":"Viewed dashboard page"}
{"timestamp":"2025-06-27 17:28:11","user":"saranraj.s@vdartinc.com","ip":"::1","action":"view","record_id":null,"details":"Viewed dashboard page"}
{"timestamp":"2025-06-27 17:28:12","user":"saranraj.s@vdartinc.com","ip":"::1","action":"view","record_id":null,"details":"Viewed dashboard page"}
{"timestamp":"2025-06-27 17:28:21","user":"saranraj.s@vdartinc.com","ip":"::1","action":"view","record_id":null,"details":"Viewed dashboard page"}
{"timestamp":"2025-06-27 17:28:22","user":"saranraj.s@vdartinc.com","ip":"::1","action":"view","record_id":null,"details":"Viewed dashboard page"}
{"timestamp":"2025-06-27 17:28:23","user":"saranraj.s@vdartinc.com","ip":"::1","action":"view","record_id":null,"details":"Viewed dashboard page"}
{"timestamp":"2025-06-27 17:29:18","user":"john.manager@vdartinc.com","ip":"::1","action":"view","record_id":null,"details":"Viewed dashboard page"}
{"timestamp":"2025-06-27 17:29:23","user":"john.manager@vdartinc.com","ip":"::1","action":"view","record_id":null,"details":"Viewed dashboard page"}
{"timestamp":"2025-06-27 17:29:28","user":"john.manager@vdartinc.com","ip":"::1","action":"view","record_id":null,"details":"Viewed dashboard page"}
{"timestamp":"2025-06-27 17:29:47","user":"admin@vdartinc.com","ip":"::1","action":"view","record_id":null,"details":"Viewed dashboard page"}
{"timestamp":"2025-06-27 17:29:49","user":"admin@vdartinc.com","ip":"::1","action":"view","record_id":null,"details":"Viewed dashboard page"}
{"timestamp":"2025-06-27 17:31:00","user":"admin@vdartinc.com","ip":"::1","action":"view","record_id":1,"details":"Accessed edit form"}
{"timestamp":"2025-06-27 17:31:10","user":"admin@vdartinc.com","ip":"::1","action":"view","record_id":1,"details":"Accessed edit form"}
{"timestamp":"2025-06-27 17:31:10","user":"admin@vdartinc.com","ip":"::1","action":"view","record_id":1,"details":"Accessed edit form"}
{"timestamp":"2025-06-27 17:31:14","user":"admin@vdartinc.com","ip":"::1","action":"view","record_id":1,"details":"Accessed edit form"}
{"timestamp":"2025-06-27 17:31:15","user":"admin@vdartinc.com","ip":"::1","action":"view","record_id":1,"details":"Accessed edit form"}
{"timestamp":"2025-06-27 17:31:24","user":"admin@vdartinc.com","ip":"::1","action":"view","record_id":null,"details":"Viewed dashboard page"}
{"timestamp":"2025-06-27 17:31:52","user":"saranraj.s@vdartinc.com","ip":"::1","action":"view","record_id":null,"details":"Viewed dashboard page"}
{"timestamp":"2025-06-27 17:31:59","user":"saranraj.s@vdartinc.com","ip":"::1","action":"view","record_id":null,"details":"Viewed dashboard page"}
{"timestamp":"2025-06-27 17:32:07","user":"saranraj.s@vdartinc.com","ip":"::1","action":"view","record_id":null,"details":"Viewed dashboard page"}
{"timestamp":"2025-06-27 17:32:08","user":"saranraj.s@vdartinc.com","ip":"::1","action":"view","record_id":null,"details":"Accessed new paperwork form"}
{"timestamp":"2025-06-27 17:33:14","user":"saranraj.s@vdartinc.com","ip":"::1","action":"view","record_id":null,"details":"Viewed dashboard page"}
{"timestamp":"2025-06-27 17:41:55","user":"saranraj.s@vdartinc.com","ip":"::1","action":"view","record_id":null,"details":"Viewed dashboard page"}
{"timestamp":"2025-06-27 17:41:57","user":"saranraj.s@vdartinc.com","ip":"::1","action":"view","record_id":null,"details":"Viewed dashboard page"}
{"timestamp":"2025-06-27 17:42:02","user":"saranraj.s@vdartinc.com","ip":"::1","action":"view","record_id":null,"details":"Accessed new paperwork form"}
{"timestamp":"2025-06-27 17:44:51","user":"saranraj.s@vdartinc.com","ip":"::1","action":"view","record_id":null,"details":"Viewed dashboard page"}
{"timestamp":"2025-06-27 17:48:24","user":"saranraj.s@vdartinc.com","ip":"::1","action":"view","record_id":null,"details":"Viewed dashboard page"}
{"timestamp":"2025-06-27 17:48:27","user":"saranraj.s@vdartinc.com","ip":"::1","action":"view","record_id":null,"details":"Accessed new paperwork form"}
{"timestamp":"2025-06-27 17:49:07","user":"saranraj.s@vdartinc.com","ip":"::1","action":"view","record_id":null,"details":"Accessed new paperwork form"}
{"timestamp":"2025-06-27 17:51:05","user":"saranraj.s@vdartinc.com","ip":"::1","action":"view","record_id":null,"details":"Viewed dashboard page"}
{"timestamp":"2025-06-27 17:56:53","user":"saranraj.s@vdartinc.com","ip":"::1","action":"view","record_id":null,"details":"Viewed dashboard page"}
{"timestamp":"2025-06-27 17:56:57","user":"saranraj.s@vdartinc.com","ip":"::1","action":"view","record_id":null,"details":"Accessed new paperwork form"}
{"timestamp":"2025-06-27 17:58:24","user":"saranraj.s@vdartinc.com","ip":"::1","action":"view","record_id":null,"details":"Viewed dashboard page"}
{"timestamp":"2025-06-27 17:58:35","user":"saranraj.s@vdartinc.com","ip":"::1","action":"view","record_id":null,"details":"Viewed dashboard page"}
{"timestamp":"2025-06-27 17:58:39","user":"saranraj.s@vdartinc.com","ip":"::1","action":"view","record_id":null,"details":"Accessed new paperwork form"}
{"timestamp":"2025-06-27 17:58:47","user":"saranraj.s@vdartinc.com","ip":"::1","action":"view","record_id":null,"details":"Viewed dashboard page"}
{"timestamp":"2025-06-27 17:58:49","user":"saranraj.s@vdartinc.com","ip":"::1","action":"view","record_id":null,"details":"Viewed dashboard page"}
{"timestamp":"2025-06-27 17:58:52","user":"saranraj.s@vdartinc.com","ip":"::1","action":"view","record_id":null,"details":"Accessed new paperwork form"}
{"timestamp":"2025-06-27 18:03:33","user":"saranraj.s@vdartinc.com","ip":"::1","action":"view","record_id":null,"details":"Accessed new paperwork form"}
{"timestamp":"2025-06-27 18:04:02","user":"saranraj.s@vdartinc.com","ip":"::1","action":"view","record_id":null,"details":"Viewed dashboard page"}
{"timestamp":"2025-06-27 18:04:04","user":"saranraj.s@vdartinc.com","ip":"::1","action":"view","record_id":null,"details":"Viewed dashboard page"}
{"timestamp":"2025-06-27 18:04:07","user":"saranraj.s@vdartinc.com","ip":"::1","action":"view","record_id":null,"details":"Accessed new paperwork form"}
{"timestamp":"2025-06-27 18:04:13","user":"saranraj.s@vdartinc.com","ip":"::1","action":"view","record_id":null,"details":"Viewed dashboard page"}
{"timestamp":"2025-06-27 18:06:26","user":"saranraj.s@vdartinc.com","ip":"::1","action":"view","record_id":null,"details":"Viewed dashboard page"}
{"timestamp":"2025-06-27 18:06:26","user":"saranraj.s@vdartinc.com","ip":"::1","action":"view","record_id":null,"details":"Viewed dashboard page"}
{"timestamp":"2025-06-27 18:06:29","user":"saranraj.s@vdartinc.com","ip":"::1","action":"view","record_id":null,"details":"Accessed new paperwork form"}
{"timestamp":"2025-06-27 18:40:23","user":"saranraj.s@vdartinc.com","ip":"::1","action":"view","record_id":null,"details":"Accessed new paperwork form"}
{"timestamp":"2025-06-27 18:56:35","user":"saranraj.s@vdartinc.com","ip":"::1","action":"view","record_id":null,"details":"Accessed new paperwork form"}
{"timestamp":"2025-06-27 18:56:52","user":"saranraj.s@vdartinc.com","ip":"::1","action":"view","record_id":null,"details":"Viewed dashboard page"}
{"timestamp":"2025-06-27 18:56:56","user":"saranraj.s@vdartinc.com","ip":"::1","action":"view","record_id":null,"details":"Viewed dashboard page"}
{"timestamp":"2025-06-27 18:57:39","user":"saranraj.s@vdartinc.com","ip":"::1","action":"view","record_id":null,"details":"Viewed dashboard page"}
{"timestamp":"2025-06-27 18:57:40","user":"saranraj.s@vdartinc.com","ip":"::1","action":"view","record_id":null,"details":"Accessed new paperwork form"}
{"timestamp":"2025-06-27 19:00:27","user":"saranraj.s@vdartinc.com","ip":"::1","action":"view","record_id":null,"details":"Viewed dashboard page"}
{"timestamp":"2025-06-27 19:01:26","user":"saranraj.s@vdartinc.com","ip":"::1","action":"view","record_id":null,"details":"Viewed dashboard page"}
{"timestamp":"2025-06-27 19:01:29","user":"saranraj.s@vdartinc.com","ip":"::1","action":"view","record_id":null,"details":"Viewed dashboard page"}
{"timestamp":"2025-06-27 19:01:30","user":"saranraj.s@vdartinc.com","ip":"::1","action":"view","record_id":null,"details":"Accessed new paperwork form"}
{"timestamp":"2025-06-27 19:05:55","user":"saranraj.s@vdartinc.com","ip":"::1","action":"view","record_id":null,"details":"Accessed new paperwork form"}
{"timestamp":"2025-06-27 19:07:03","user":"saranraj.s@vdartinc.com","ip":"::1","action":"view","record_id":null,"details":"Accessed new paperwork form"}
{"timestamp":"2025-06-27 19:07:46","user":"saranraj.s@vdartinc.com","ip":"::1","action":"view","record_id":null,"details":"Accessed new paperwork form"}
{"timestamp":"2025-06-27 19:08:27","user":"saranraj.s@vdartinc.com","ip":"::1","action":"view","record_id":null,"details":"Accessed new paperwork form"}
{"timestamp":"2025-06-27 19:09:26","user":"saranraj.s@vdartinc.com","ip":"::1","action":"view","record_id":null,"details":"Accessed new paperwork form"}
{"timestamp":"2025-06-27 19:11:35","user":"saranraj.s@vdartinc.com","ip":"::1","action":"view","record_id":null,"details":"Accessed new paperwork form"}
{"timestamp":"2025-06-27 19:12:43","user":"saranraj.s@vdartinc.com","ip":"::1","action":"view","record_id":null,"details":"Accessed new paperwork form"}
{"timestamp":"2025-06-27 20:30:39","user":"saranraj.s@vdartinc.com","ip":"::1","action":"view","record_id":null,"details":"Viewed dashboard page"}
{"timestamp":"2025-06-27 20:31:07","user":"saranraj.s@vdartinc.com","ip":"::1","action":"view","record_id":2015632,"details":"Accessed edit form"}
{"timestamp":"2025-06-27 20:31:23","user":"saranraj.s@vdartinc.com","ip":"::1","action":"view","record_id":null,"details":"Viewed dashboard page"}
{"timestamp":"2025-06-27 20:31:32","user":"saranraj.s@vdartinc.com","ip":"::1","action":"view","record_id":2015632,"details":"Accessed edit form"}
{"timestamp":"2025-06-27 20:31:45","user":"saranraj.s@vdartinc.com","ip":"::1","action":"view","record_id":null,"details":"Viewed dashboard page"}
{"timestamp":"2025-06-27 20:31:52","user":"saranraj.s@vdartinc.com","ip":"::1","action":"view","record_id":null,"details":"Viewed dashboard page"}
{"timestamp":"2025-06-27 20:32:08","user":"saranraj.s@vdartinc.com","ip":"::1","action":"view","record_id":null,"details":"Viewed dashboard page"}
{"timestamp":"2025-06-27 20:33:57","user":"saranraj.s@vdartinc.com","ip":"::1","action":"view","record_id":2015632,"details":"Accessed edit form"}
{"timestamp":"2025-06-27 20:34:04","user":"saranraj.s@vdartinc.com","ip":"::1","action":"view","record_id":2015632,"details":"Accessed edit form"}
{"timestamp":"2025-06-27 20:34:07","user":"saranraj.s@vdartinc.com","ip":"::1","action":"view","record_id":2015632,"details":"Accessed edit form"}
{"timestamp":"2025-06-27 20:34:13","user":"saranraj.s@vdartinc.com","ip":"::1","action":"view","record_id":2015632,"details":"Accessed edit form"}
{"timestamp":"2025-06-27 20:34:36","user":"saranraj.s@vdartinc.com","ip":"::1","action":"view","record_id":1015,"details":"Accessed edit form"}
{"timestamp":"2025-06-27 20:34:39","user":"saranraj.s@vdartinc.com","ip":"::1","action":"view","record_id":1015,"details":"Accessed edit form"}
{"timestamp":"2025-06-27 20:34:43","user":"saranraj.s@vdartinc.com","ip":"::1","action":"update","record_id":1015,"details":"Updated paperwork for SAMPLE DATAA DEV PURPOSE"}
{"timestamp":"2025-06-27 20:34:51","user":"saranraj.s@vdartinc.com","ip":"::1","action":"view","record_id":2015632,"details":"Accessed edit form"}
{"timestamp":"2025-06-27 20:34:57","user":"saranraj.s@vdartinc.com","ip":"::1","action":"view","record_id":2015632,"details":"Accessed edit form"}
{"timestamp":"2025-06-27 20:35:16","user":"saranraj.s@vdartinc.com","ip":"::1","action":"view","record_id":2015632,"details":"Accessed edit form"}
{"timestamp":"2025-06-27 20:35:22","user":"saranraj.s@vdartinc.com","ip":"::1","action":"view","record_id":2015632,"details":"Accessed edit form"}
{"timestamp":"2025-06-27 20:35:26","user":"saranraj.s@vdartinc.com","ip":"::1","action":"view","record_id":2015632,"details":"Accessed edit form"}
{"timestamp":"2025-06-27 20:35:32","user":"saranraj.s@vdartinc.com","ip":"::1","action":"view","record_id":2015632,"details":"Accessed edit form"}
{"timestamp":"2025-06-27 20:38:06","user":"saranraj.s@vdartinc.com","ip":"::1","action":"view","record_id":null,"details":"Viewed dashboard page"}
{"timestamp":"2025-06-27 20:38:07","user":"saranraj.s@vdartinc.com","ip":"::1","action":"view","record_id":null,"details":"Accessed new paperwork form"}
{"timestamp":"2025-06-27 20:38:22","user":"saranraj.s@vdartinc.com","ip":"::1","action":"view","record_id":null,"details":"Viewed dashboard page"}
{"timestamp":"2025-06-27 20:38:50","user":"saranraj.s@vdartinc.com","ip":"::1","action":"view","record_id":null,"details":"Accessed new paperwork form"}
{"timestamp":"2025-06-27 20:40:24","user":"saranraj.s@vdartinc.com","ip":"::1","action":"view","record_id":null,"details":"Accessed new paperwork form"}
{"timestamp":"2025-06-27 20:40:29","user":"saranraj.s@vdartinc.com","ip":"::1","action":"view","record_id":null,"details":"Accessed new paperwork form"}
{"timestamp":"2025-06-27 20:40:37","user":"saranraj.s@vdartinc.com","ip":"::1","action":"view","record_id":2015632,"details":"Accessed edit form"}
{"timestamp":"2025-06-27 20:40:41","user":"saranraj.s@vdartinc.com","ip":"::1","action":"view","record_id":2015632,"details":"Accessed edit form"}
{"timestamp":"2025-06-27 20:40:45","user":"saranraj.s@vdartinc.com","ip":"::1","action":"update","record_id":2015632,"details":"Updated paperwork for ARUNNN Doe"}
{"timestamp":"2025-06-27 20:42:08","user":"saranraj.s@vdartinc.com","ip":"::1","action":"view","record_id":null,"details":"Viewed dashboard page"}
{"timestamp":"2025-06-27 20:46:29","user":"saranraj.s@vdartinc.com","ip":"::1","action":"view","record_id":null,"details":"Viewed dashboard page"}
{"timestamp":"2025-06-27 20:46:31","user":"saranraj.s@vdartinc.com","ip":"::1","action":"view","record_id":null,"details":"Viewed dashboard page"}
{"timestamp":"2025-06-27 20:46:32","user":"saranraj.s@vdartinc.com","ip":"::1","action":"view","record_id":null,"details":"Accessed new paperwork form"}
{"timestamp":"2025-06-27 20:46:54","user":"saranraj.s@vdartinc.com","ip":"::1","action":"view","record_id":null,"details":"Viewed dashboard page"}
{"timestamp":"2025-06-27 20:46:59","user":"saranraj.s@vdartinc.com","ip":"::1","action":"view","record_id":2015632,"details":"Accessed edit form"}
{"timestamp":"2025-06-27 20:47:06","user":"saranraj.s@vdartinc.com","ip":"::1","action":"view","record_id":2015632,"details":"Accessed edit form"}
{"timestamp":"2025-06-27 20:47:11","user":"saranraj.s@vdartinc.com","ip":"::1","action":"update","record_id":2015632,"details":"Updated paperwork for ARUNZ Doe"}
{"timestamp":"2025-06-27 20:47:35","user":"saranraj.s@vdartinc.com","ip":"::1","action":"view","record_id":null,"details":"Viewed dashboard page"}
