{"timestamp":"2025-06-25 15:37:10","user":"unknown","ip":"::1","action":"view","record_id":null,"details":"Viewed dashboard page"}
{"timestamp":"2025-06-25 15:38:17","user":"unknown","ip":"::1","action":"view","record_id":null,"details":"Viewed dashboard page"}
{"timestamp":"2025-06-25 15:38:32","user":"saranraj.s@vdartinc.com","ip":"::1","action":"view","record_id":null,"details":"Viewed dashboard page"}
{"timestamp":"2025-06-25 15:48:26","user":"saranraj.s@vdartinc.com","ip":"::1","action":"view","record_id":null,"details":"Viewed dashboard page"}
{"timestamp":"2025-06-25 17:44:16","user":"saranraj.s@vdartinc.com","ip":"::1","action":"view","record_id":null,"details":"Viewed dashboard page"}
{"timestamp":"2025-06-25 18:05:10","user":"saranraj.s@vdartinc.com","ip":"::1","action":"view","record_id":null,"details":"Viewed dashboard page"}
{"timestamp":"2025-06-25 18:06:08","user":"saranraj.s@vdartinc.com","ip":"::1","action":"view","record_id":null,"details":"Viewed dashboard page"}
{"timestamp":"2025-06-25 18:06:09","user":"saranraj.s@vdartinc.com","ip":"::1","action":"view","record_id":null,"details":"Viewed dashboard page"}
{"timestamp":"2025-06-25 18:19:20","user":"saranraj.s@vdartinc.com","ip":"::1","action":"view","record_id":null,"details":"Viewed dashboard page"}
{"timestamp":"2025-06-25 18:20:09","user":"saranraj.s@vdartinc.com","ip":"::1","action":"view","record_id":null,"details":"Viewed dashboard page"}
{"timestamp":"2025-06-25 18:41:09","user":"saranraj.s@vdartinc.com","ip":"::1","action":"view","record_id":null,"details":"Viewed dashboard page"}
{"timestamp":"2025-06-25 18:48:39","user":"saranraj.s@vdartinc.com","ip":"::1","action":"view","record_id":1015,"details":"Accessed edit form"}
{"timestamp":"2025-06-25 18:50:45","user":"saranraj.s@vdartinc.com","ip":"::1","action":"view","record_id":1015,"details":"Accessed edit form"}
{"timestamp":"2025-06-25 18:54:44","user":"saranraj.s@vdartinc.com","ip":"::1","action":"view","record_id":1015,"details":"Accessed edit form"}
{"timestamp":"2025-06-25 18:54:52","user":"saranraj.s@vdartinc.com","ip":"::1","action":"view","record_id":1015,"details":"Accessed edit form"}
{"timestamp":"2025-06-25 18:54:52","user":"saranraj.s@vdartinc.com","ip":"::1","action":"update","record_id":1015,"details":"Updated paperwork for MOCK DATA DEV PURPOSE"}
{"timestamp":"2025-06-25 18:57:10","user":"saranraj.s@vdartinc.com","ip":"::1","action":"view","record_id":1015,"details":"Accessed edit form"}
{"timestamp":"2025-06-25 18:57:18","user":"saranraj.s@vdartinc.com","ip":"::1","action":"view","record_id":1015,"details":"Accessed edit form"}
{"timestamp":"2025-06-25 18:57:22","user":"saranraj.s@vdartinc.com","ip":"::1","action":"update","record_id":1015,"details":"Updated paperwork for MOCK DATAZZZ DEV PURPOSE"}
{"timestamp":"2025-06-25 19:03:23","user":"saranraj.s@vdartinc.com","ip":"::1","action":"view","record_id":1015,"details":"Accessed edit form"}
{"timestamp":"2025-06-25 19:03:29","user":"saranraj.s@vdartinc.com","ip":"::1","action":"view","record_id":1015,"details":"Accessed edit form"}
{"timestamp":"2025-06-25 19:03:29","user":"saranraj.s@vdartinc.com","ip":"::1","action":"update","record_id":1015,"details":"Updated paperwork for MOCK DAT DEV PURPOSE"}
{"timestamp":"2025-06-25 19:06:32","user":"saranraj.s@vdartinc.com","ip":"::1","action":"view","record_id":1015,"details":"Accessed edit form"}
{"timestamp":"2025-06-25 19:06:38","user":"saranraj.s@vdartinc.com","ip":"::1","action":"view","record_id":1015,"details":"Accessed edit form"}
{"timestamp":"2025-06-25 19:06:43","user":"saranraj.s@vdartinc.com","ip":"::1","action":"update","record_id":1015,"details":"Updated paperwork for MOCK DATAAA DEV PURPOSE"}
{"timestamp":"2025-06-25 19:15:34","user":"saranraj.s@vdartinc.com","ip":"::1","action":"view","record_id":null,"details":"Viewed dashboard page"}
{"timestamp":"2025-06-25 19:15:59","user":"saranraj.s@vdartinc.com","ip":"::1","action":"view","record_id":1015,"details":"Accessed edit form"}
{"timestamp":"2025-06-25 19:16:04","user":"saranraj.s@vdartinc.com","ip":"::1","action":"view","record_id":1015,"details":"Accessed edit form"}
{"timestamp":"2025-06-25 19:16:08","user":"saranraj.s@vdartinc.com","ip":"::1","action":"update","record_id":1015,"details":"Updated paperwork for MOCK DATA DEV PURPOSE"}
