{"timestamp":"2025-05-29 00:06:35","user":"saranraj.s@vdartinc.com","ip":"::1","action":"view","record_id":null,"details":"Viewed dashboard page"}
{"timestamp":"2025-05-29 00:10:06","user":"saranraj.s@vdartinc.com","ip":"::1","action":"view","record_id":null,"details":"Viewed dashboard page"}
{"timestamp":"2025-05-29 00:11:59","user":"saranraj.s@vdartinc.com","ip":"::1","action":"view","record_id":null,"details":"Viewed dashboard page"}
{"timestamp":"2025-05-29 00:12:26","user":"saranraj.s@vdartinc.com","ip":"::1","action":"view","record_id":null,"details":"Viewed dashboard page"}
{"timestamp":"2025-05-29 00:12:35","user":"saranraj.s@vdartinc.com","ip":"::1","action":"view","record_id":null,"details":"Viewed dashboard page"}
{"timestamp":"2025-05-29 00:12:44","user":"saranraj.s@vdartinc.com","ip":"::1","action":"view","record_id":null,"details":"Viewed dashboard page"}
{"timestamp":"2025-05-29 00:12:58","user":"saranraj.s@vdartinc.com","ip":"::1","action":"view","record_id":null,"details":"Viewed dashboard page"}
{"timestamp":"2025-05-29 00:13:04","user":"saranraj.s@vdartinc.com","ip":"::1","action":"view","record_id":null,"details":"Viewed dashboard page"}
{"timestamp":"2025-05-29 00:13:09","user":"saranraj.s@vdartinc.com","ip":"::1","action":"view","record_id":null,"details":"Viewed dashboard page"}
{"timestamp":"2025-05-29 00:16:18","user":"saranraj.s@vdartinc.com","ip":"::1","action":"view","record_id":null,"details":"Accessed new paperwork form"}
{"timestamp":"2025-05-29 00:16:22","user":"saranraj.s@vdartinc.com","ip":"::1","action":"view","record_id":null,"details":"Viewed dashboard page"}
{"timestamp":"2025-05-29 00:16:32","user":"saranraj.s@vdartinc.com","ip":"::1","action":"view","record_id":null,"details":"Viewed dashboard page"}
{"timestamp":"2025-05-29 00:16:52","user":"saranraj.s@vdartinc.com","ip":"::1","action":"view","record_id":null,"details":"Viewed dashboard page"}
{"timestamp":"2025-05-29 00:29:21","user":"saranraj.s@vdartinc.com","ip":"::1","action":"view","record_id":null,"details":"Viewed dashboard page"}
{"timestamp":"2025-05-29 00:30:34","user":"saranraj.s@vdartinc.com","ip":"::1","action":"view","record_id":null,"details":"Viewed dashboard page"}
{"timestamp":"2025-05-29 00:38:44","user":"unknown","ip":"::1","action":"view","record_id":null,"details":"Viewed dashboard page"}
{"timestamp":"2025-05-29 01:16:28","user":"unknown","ip":"::1","action":"view","record_id":null,"details":"Viewed dashboard page"}
{"timestamp":"2025-05-29 01:16:40","user":"unknown","ip":"::1","action":"view","record_id":null,"details":"Viewed dashboard page"}
{"timestamp":"2025-05-29 01:17:14","user":"saranraj.s@vdartinc.com","ip":"::1","action":"view","record_id":null,"details":"Viewed dashboard page"}
{"timestamp":"2025-05-29 01:30:05","user":"unknown","ip":"::1","action":"view","record_id":null,"details":"Viewed dashboard page"}
{"timestamp":"2025-05-29 01:35:48","user":"saranraj.s@vdartinc.com","ip":"::1","action":"view","record_id":null,"details":"Viewed dashboard page"}
{"timestamp":"2025-05-29 01:35:52","user":"saranraj.s@vdartinc.com","ip":"::1","action":"view","record_id":null,"details":"Viewed dashboard page"}
{"timestamp":"2025-05-29 01:38:36","user":"saranraj.s@vdartinc.com","ip":"::1","action":"view","record_id":null,"details":"Accessed new paperwork form"}
{"timestamp":"2025-05-29 01:38:38","user":"saranraj.s@vdartinc.com","ip":"::1","action":"view","record_id":null,"details":"Viewed dashboard page"}
{"timestamp":"2025-05-29 01:38:41","user":"saranraj.s@vdartinc.com","ip":"::1","action":"view","record_id":null,"details":"Viewed dashboard page"}
{"timestamp":"2025-05-29 01:39:07","user":"saranraj.s@vdartinc.com","ip":"::1","action":"view","record_id":null,"details":"Viewed dashboard page"}
{"timestamp":"2025-05-29 01:39:08","user":"saranraj.s@vdartinc.com","ip":"::1","action":"view","record_id":null,"details":"Accessed new paperwork form"}
{"timestamp":"2025-05-29 01:44:29","user":"saranraj.s@vdartinc.com","ip":"::1","action":"view","record_id":null,"details":"Accessed new paperwork form"}
{"timestamp":"2025-05-29 01:45:00","user":"saranraj.s@vdartinc.com","ip":"::1","action":"view","record_id":null,"details":"Accessed new paperwork form"}
{"timestamp":"2025-05-29 01:45:06","user":"saranraj.s@vdartinc.com","ip":"::1","action":"view","record_id":null,"details":"Accessed new paperwork form"}
{"timestamp":"2025-05-29 01:54:32","user":"saranraj.s@vdartinc.com","ip":"::1","action":"view","record_id":null,"details":"Viewed dashboard page"}
{"timestamp":"2025-05-29 15:34:20","user":"saranraj.s@vdartinc.com","ip":"::1","action":"view","record_id":null,"details":"Viewed dashboard page"}
{"timestamp":"2025-05-29 15:49:26","user":"unknown","ip":"::1","action":"view","record_id":null,"details":"Viewed dashboard page"}
{"timestamp":"2025-05-29 15:49:33","user":"unknown","ip":"::1","action":"view","record_id":null,"details":"Viewed dashboard page"}
{"timestamp":"2025-05-29 15:49:49","user":"unknown","ip":"::1","action":"view","record_id":null,"details":"Viewed dashboard page"}
{"timestamp":"2025-05-29 15:49:58","user":"unknown","ip":"::1","action":"view","record_id":null,"details":"Viewed dashboard page"}
{"timestamp":"2025-05-29 15:50:23","user":"unknown","ip":"::1","action":"view","record_id":null,"details":"Viewed dashboard page"}
{"timestamp":"2025-05-29 15:50:51","user":"unknown","ip":"::1","action":"view","record_id":null,"details":"Viewed dashboard page"}
{"timestamp":"2025-05-29 15:51:03","user":"unknown","ip":"::1","action":"view","record_id":null,"details":"Viewed dashboard page"}
{"timestamp":"2025-05-29 15:51:11","user":"unknown","ip":"::1","action":"view","record_id":null,"details":"Viewed dashboard page"}
{"timestamp":"2025-05-29 15:51:26","user":"saranraj.s@vdartinc.com","ip":"::1","action":"view","record_id":null,"details":"Viewed dashboard page"}
{"timestamp":"2025-05-29 16:05:12","user":"unknown","ip":"::1","action":"view","record_id":null,"details":"Viewed dashboard page"}
{"timestamp":"2025-05-29 16:05:18","user":"unknown","ip":"::1","action":"view","record_id":null,"details":"Viewed dashboard page"}
{"timestamp":"2025-05-29 16:08:57","user":"unknown","ip":"::1","action":"view","record_id":null,"details":"Viewed dashboard page"}
{"timestamp":"2025-05-29 16:09:54","user":"unknown","ip":"::1","action":"view","record_id":null,"details":"Viewed dashboard page"}
{"timestamp":"2025-05-29 16:12:54","user":"unknown","ip":"::1","action":"view","record_id":null,"details":"Viewed dashboard page"}
{"timestamp":"2025-05-29 16:14:03","user":"unknown","ip":"::1","action":"view","record_id":null,"details":"Viewed dashboard page"}
{"timestamp":"2025-05-29 16:14:36","user":"unknown","ip":"::1","action":"view","record_id":null,"details":"Viewed dashboard page"}
{"timestamp":"2025-05-29 16:14:40","user":"unknown","ip":"::1","action":"view","record_id":null,"details":"Viewed dashboard page"}
{"timestamp":"2025-05-29 16:15:30","user":"unknown","ip":"::1","action":"view","record_id":null,"details":"Viewed dashboard page"}
{"timestamp":"2025-05-29 16:15:34","user":"unknown","ip":"::1","action":"view","record_id":null,"details":"Viewed dashboard page"}
{"timestamp":"2025-05-29 16:15:56","user":"unknown","ip":"::1","action":"view","record_id":null,"details":"Viewed dashboard page"}
{"timestamp":"2025-05-29 16:16:05","user":"unknown","ip":"::1","action":"view","record_id":null,"details":"Viewed dashboard page"}
{"timestamp":"2025-05-29 16:16:54","user":"unknown","ip":"::1","action":"view","record_id":null,"details":"Viewed dashboard page"}
{"timestamp":"2025-05-29 16:16:59","user":"unknown","ip":"::1","action":"view","record_id":null,"details":"Viewed dashboard page"}
{"timestamp":"2025-05-29 16:17:57","user":"unknown","ip":"::1","action":"view","record_id":null,"details":"Viewed dashboard page"}
{"timestamp":"2025-05-29 16:18:32","user":"unknown","ip":"::1","action":"view","record_id":null,"details":"Viewed dashboard page"}
{"timestamp":"2025-05-29 16:24:29","user":"unknown","ip":"::1","action":"view","record_id":null,"details":"Viewed dashboard page"}
{"timestamp":"2025-05-29 16:24:32","user":"unknown","ip":"::1","action":"view","record_id":null,"details":"Viewed dashboard page"}
{"timestamp":"2025-05-29 16:27:06","user":"saranraj.s@vdartinc.com","ip":"::1","action":"view","record_id":null,"details":"Viewed dashboard page"}
{"timestamp":"2025-05-29 16:27:49","user":"saranraj.s@vdartinc.com","ip":"::1","action":"view","record_id":null,"details":"Viewed dashboard page"}
{"timestamp":"2025-05-29 16:27:56","user":"saranraj.s@vdartinc.com","ip":"::1","action":"view","record_id":null,"details":"Accessed new paperwork form"}
{"timestamp":"2025-05-29 16:27:59","user":"saranraj.s@vdartinc.com","ip":"::1","action":"view","record_id":null,"details":"Viewed dashboard page"}
{"timestamp":"2025-05-29 16:28:33","user":"saranraj.s@vdartinc.com","ip":"::1","action":"view","record_id":null,"details":"Viewed dashboard page"}
{"timestamp":"2025-05-29 16:28:51","user":"saranraj.s@vdartinc.com","ip":"::1","action":"view","record_id":null,"details":"Viewed dashboard page"}
{"timestamp":"2025-05-29 16:29:17","user":"saranraj.s@vdartinc.com","ip":"::1","action":"view","record_id":null,"details":"Viewed dashboard page"}
{"timestamp":"2025-05-29 16:29:21","user":"saranraj.s@vdartinc.com","ip":"::1","action":"view","record_id":null,"details":"Viewed dashboard page"}
{"timestamp":"2025-05-29 16:30:40","user":"saranraj.s@vdartinc.com","ip":"::1","action":"view","record_id":null,"details":"Viewed dashboard page"}
{"timestamp":"2025-05-29 16:30:42","user":"saranraj.s@vdartinc.com","ip":"::1","action":"view","record_id":null,"details":"Accessed new paperwork form"}
{"timestamp":"2025-05-29 16:30:45","user":"saranraj.s@vdartinc.com","ip":"::1","action":"view","record_id":null,"details":"Viewed dashboard page"}
{"timestamp":"2025-05-29 16:30:46","user":"saranraj.s@vdartinc.com","ip":"::1","action":"view","record_id":null,"details":"Accessed new paperwork form"}
{"timestamp":"2025-05-29 16:30:57","user":"saranraj.s@vdartinc.com","ip":"::1","action":"view","record_id":null,"details":"Viewed dashboard page"}
{"timestamp":"2025-05-29 16:31:14","user":"saranraj.s@vdartinc.com","ip":"::1","action":"view","record_id":null,"details":"Accessed new paperwork form"}
{"timestamp":"2025-05-29 16:32:24","user":"saranraj.s@vdartinc.com","ip":"::1","action":"view","record_id":null,"details":"Viewed dashboard page"}
{"timestamp":"2025-05-29 16:34:44","user":"saranraj.s@vdartinc.com","ip":"::1","action":"view","record_id":null,"details":"Viewed dashboard page"}
{"timestamp":"2025-05-29 16:34:45","user":"saranraj.s@vdartinc.com","ip":"::1","action":"view","record_id":null,"details":"Accessed new paperwork form"}
{"timestamp":"2025-05-29 16:42:38","user":"saranraj.s@vdartinc.com","ip":"::1","action":"view","record_id":null,"details":"Accessed new paperwork form"}
{"timestamp":"2025-05-29 16:43:00","user":"saranraj.s@vdartinc.com","ip":"::1","action":"view","record_id":null,"details":"Accessed new paperwork form"}
{"timestamp":"2025-05-29 16:43:14","user":"saranraj.s@vdartinc.com","ip":"::1","action":"view","record_id":null,"details":"Accessed new paperwork form"}
{"timestamp":"2025-05-29 17:31:09","user":"saranraj.s@vdartinc.com","ip":"::1","action":"view","record_id":null,"details":"Accessed new paperwork form"}
{"timestamp":"2025-05-29 17:32:09","user":"saranraj.s@vdartinc.com","ip":"::1","action":"view","record_id":null,"details":"Accessed new paperwork form"}
{"timestamp":"2025-05-29 17:32:27","user":"saranraj.s@vdartinc.com","ip":"::1","action":"view","record_id":null,"details":"Accessed new paperwork form"}
{"timestamp":"2025-05-29 17:37:31","user":"saranraj.s@vdartinc.com","ip":"::1","action":"view","record_id":null,"details":"Accessed new paperwork form"}
{"timestamp":"2025-05-29 17:47:18","user":"saranraj.s@vdartinc.com","ip":"::1","action":"view","record_id":null,"details":"Viewed dashboard page"}
{"timestamp":"2025-05-29 18:28:17","user":"saranraj.s@vdartinc.com","ip":"::1","action":"view","record_id":null,"details":"Viewed dashboard page"}
{"timestamp":"2025-05-29 18:28:23","user":"saranraj.s@vdartinc.com","ip":"::1","action":"view","record_id":null,"details":"Viewed dashboard page"}
{"timestamp":"2025-05-29 18:29:00","user":"saranraj.s@vdartinc.com","ip":"::1","action":"view","record_id":null,"details":"Viewed dashboard page"}
{"timestamp":"2025-05-29 18:29:02","user":"saranraj.s@vdartinc.com","ip":"::1","action":"view","record_id":null,"details":"Accessed new paperwork form"}
{"timestamp":"2025-05-29 18:29:32","user":"saranraj.s@vdartinc.com","ip":"::1","action":"view","record_id":null,"details":"Accessed new paperwork form"}
{"timestamp":"2025-05-29 18:38:13","user":"saranraj.s@vdartinc.com","ip":"::1","action":"view","record_id":null,"details":"Viewed dashboard page"}
{"timestamp":"2025-05-29 18:38:17","user":"saranraj.s@vdartinc.com","ip":"::1","action":"view","record_id":null,"details":"Viewed dashboard page"}
{"timestamp":"2025-05-29 18:48:59","user":"saranraj.s@vdartinc.com","ip":"::1","action":"view","record_id":null,"details":"Viewed dashboard page"}
{"timestamp":"2025-05-29 18:50:29","user":"saranraj.s@vdartinc.com","ip":"::1","action":"view","record_id":null,"details":"Viewed dashboard page"}
{"timestamp":"2025-05-29 18:50:30","user":"saranraj.s@vdartinc.com","ip":"::1","action":"view","record_id":null,"details":"Accessed new paperwork form"}
{"timestamp":"2025-05-29 18:50:54","user":"saranraj.s@vdartinc.com","ip":"::1","action":"view","record_id":null,"details":"Viewed dashboard page"}
{"timestamp":"2025-05-29 18:51:19","user":"saranraj.s@vdartinc.com","ip":"::1","action":"view","record_id":null,"details":"Viewed dashboard page"}
{"timestamp":"2025-05-29 18:51:24","user":"saranraj.s@vdartinc.com","ip":"::1","action":"view","record_id":null,"details":"Viewed dashboard page"}
{"timestamp":"2025-05-29 18:51:42","user":"saranraj.s@vdartinc.com","ip":"::1","action":"view","record_id":null,"details":"Viewed dashboard page"}
{"timestamp":"2025-05-29 18:52:19","user":"saranraj.s@vdartinc.com","ip":"::1","action":"view","record_id":null,"details":"Viewed dashboard page"}
{"timestamp":"2025-05-29 18:53:51","user":"saranraj.s@vdartinc.com","ip":"::1","action":"view","record_id":null,"details":"Accessed edit form"}
{"timestamp":"2025-05-29 18:54:01","user":"saranraj.s@vdartinc.com","ip":"::1","action":"view","record_id":null,"details":"Accessed edit form"}
{"timestamp":"2025-05-29 19:01:27","user":"saranraj.s@vdartinc.com","ip":"::1","action":"view","record_id":null,"details":"Accessed edit form"}
{"timestamp":"2025-05-29 19:04:35","user":"saranraj.s@vdartinc.com","ip":"::1","action":"view","record_id":524,"details":"Accessed edit form"}
{"timestamp":"2025-05-29 19:05:11","user":"saranraj.s@vdartinc.com","ip":"::1","action":"view","record_id":524,"details":"Accessed edit form"}
{"timestamp":"2025-05-29 19:07:56","user":"saranraj.s@vdartinc.com","ip":"::1","action":"view","record_id":null,"details":"Viewed dashboard page"}
{"timestamp":"2025-05-29 20:49:29","user":"saranraj.s@vdartinc.com","ip":"::1","action":"view","record_id":null,"details":"Viewed dashboard page"}
{"timestamp":"2025-05-29 20:49:44","user":"saranraj.s@vdartinc.com","ip":"::1","action":"view","record_id":524,"details":"Accessed edit form"}
{"timestamp":"2025-05-29 20:55:37","user":"saranraj.s@vdartinc.com","ip":"::1","action":"view","record_id":524,"details":"Accessed edit form"}
{"timestamp":"2025-05-29 20:55:42","user":"saranraj.s@vdartinc.com","ip":"::1","action":"view","record_id":null,"details":"Viewed dashboard page"}
{"timestamp":"2025-05-29 21:10:08","user":"saranraj.s@vdartinc.com","ip":"::1","action":"view","record_id":null,"details":"Viewed dashboard page"}
{"timestamp":"2025-05-29 21:10:17","user":"saranraj.s@vdartinc.com","ip":"::1","action":"view","record_id":null,"details":"Accessed new paperwork form"}
{"timestamp":"2025-05-29 21:10:25","user":"saranraj.s@vdartinc.com","ip":"::1","action":"view","record_id":null,"details":"Viewed dashboard page"}
{"timestamp":"2025-05-29 21:10:29","user":"saranraj.s@vdartinc.com","ip":"::1","action":"view","record_id":524,"details":"Accessed edit form"}
{"timestamp":"2025-05-29 21:10:36","user":"saranraj.s@vdartinc.com","ip":"::1","action":"view","record_id":null,"details":"Viewed dashboard page"}
{"timestamp":"2025-05-29 21:10:39","user":"saranraj.s@vdartinc.com","ip":"::1","action":"view","record_id":null,"details":"Viewed dashboard page"}
{"timestamp":"2025-05-29 21:35:45","user":"saranraj.s@vdartinc.com","ip":"::1","action":"view","record_id":null,"details":"Viewed dashboard page"}
{"timestamp":"2025-05-29 21:35:52","user":"saranraj.s@vdartinc.com","ip":"::1","action":"view","record_id":null,"details":"Viewed dashboard page"}
{"timestamp":"2025-05-29 22:36:26","user":"saranraj.s@vdartinc.com","ip":"::1","action":"view","record_id":null,"details":"Viewed dashboard page"}
{"timestamp":"2025-05-29 22:36:32","user":"saranraj.s@vdartinc.com","ip":"::1","action":"view","record_id":null,"details":"Viewed dashboard page"}
{"timestamp":"2025-05-29 22:36:38","user":"saranraj.s@vdartinc.com","ip":"::1","action":"view","record_id":null,"details":"Viewed dashboard page"}
{"timestamp":"2025-05-29 22:41:22","user":"saranraj.s@vdartinc.com","ip":"::1","action":"view","record_id":null,"details":"Viewed dashboard page"}
{"timestamp":"2025-05-29 22:41:32","user":"saranraj.s@vdartinc.com","ip":"::1","action":"view","record_id":null,"details":"Accessed new paperwork form"}
{"timestamp":"2025-05-29 22:54:33","user":"saranraj.s@vdartinc.com","ip":"::1","action":"view","record_id":null,"details":"Viewed dashboard page"}
{"timestamp":"2025-05-29 22:54:41","user":"saranraj.s@vdartinc.com","ip":"::1","action":"view","record_id":null,"details":"Viewed dashboard page"}
{"timestamp":"2025-05-29 22:55:38","user":"saranraj.s@vdartinc.com","ip":"::1","action":"view","record_id":null,"details":"Viewed dashboard page"}
{"timestamp":"2025-05-29 22:56:16","user":"saranraj.s@vdartinc.com","ip":"::1","action":"view","record_id":1015,"details":"Accessed edit form"}
{"timestamp":"2025-05-29 22:56:50","user":"saranraj.s@vdartinc.com","ip":"::1","action":"view","record_id":1015,"details":"Accessed edit form"}
{"timestamp":"2025-05-29 22:56:50","user":"saranraj.s@vdartinc.com","ip":"::1","action":"update","record_id":1015,"details":"Updated paperwork for Venkataramanaaa Patchipulusu"}
{"timestamp":"2025-05-29 22:59:04","user":"Felix@vdartinc.com","ip":"::1","action":"view","record_id":null,"details":"Viewed dashboard page"}
{"timestamp":"2025-05-29 23:00:07","user":"Felix@vdartinc.com","ip":"::1","action":"view","record_id":null,"details":"Viewed dashboard page"}
{"timestamp":"2025-05-29 23:01:19","user":"Felix@vdartinc.com","ip":"::1","action":"view","record_id":null,"details":"Viewed dashboard page"}
{"timestamp":"2025-05-29 23:01:54","user":"Felix@vdartinc.com","ip":"::1","action":"view","record_id":null,"details":"Viewed dashboard page"}
{"timestamp":"2025-05-29 23:02:11","user":"Felix@vdartinc.com","ip":"::1","action":"view","record_id":null,"details":"Viewed dashboard page"}
{"timestamp":"2025-05-29 23:02:12","user":"Felix@vdartinc.com","ip":"::1","action":"view","record_id":null,"details":"Viewed dashboard page"}
{"timestamp":"2025-05-29 23:02:17","user":"Felix@vdartinc.com","ip":"::1","action":"view","record_id":null,"details":"Viewed dashboard page"}
{"timestamp":"2025-05-29 23:02:23","user":"Felix@vdartinc.com","ip":"::1","action":"view","record_id":null,"details":"Viewed dashboard page"}
{"timestamp":"2025-05-29 23:02:26","user":"Felix@vdartinc.com","ip":"::1","action":"view","record_id":null,"details":"Viewed dashboard page"}
{"timestamp":"2025-05-29 23:03:09","user":"Felix@vdartinc.com","ip":"::1","action":"view","record_id":null,"details":"Viewed dashboard page"}
{"timestamp":"2025-05-29 23:03:34","user":"Felix@vdartinc.com","ip":"::1","action":"view","record_id":null,"details":"Viewed dashboard page"}
{"timestamp":"2025-05-29 23:03:46","user":"Felix@vdartinc.com","ip":"::1","action":"view","record_id":null,"details":"Viewed dashboard page"}
{"timestamp":"2025-05-29 23:06:07","user":"Felix@vdartinc.com","ip":"::1","action":"view","record_id":null,"details":"Viewed dashboard page"}
{"timestamp":"2025-05-29 23:08:52","user":"Felix@vdartinc.com","ip":"::1","action":"view","record_id":null,"details":"Viewed dashboard page"}
{"timestamp":"2025-05-29 23:09:25","user":"Felix@vdartinc.com","ip":"::1","action":"view","record_id":null,"details":"Viewed dashboard page"}
{"timestamp":"2025-05-29 23:09:29","user":"Felix@vdartinc.com","ip":"::1","action":"view","record_id":null,"details":"Viewed dashboard page"}
{"timestamp":"2025-05-29 23:09:35","user":"Felix@vdartinc.com","ip":"::1","action":"view","record_id":null,"details":"Viewed dashboard page"}
{"timestamp":"2025-05-29 23:13:17","user":"Felix@vdartinc.com","ip":"::1","action":"view","record_id":null,"details":"Viewed dashboard page"}
{"timestamp":"2025-05-29 23:13:24","user":"Felix@vdartinc.com","ip":"::1","action":"view","record_id":null,"details":"Viewed dashboard page"}
{"timestamp":"2025-05-29 23:13:27","user":"Felix@vdartinc.com","ip":"::1","action":"view","record_id":null,"details":"Viewed dashboard page"}
{"timestamp":"2025-05-29 23:13:54","user":"Felix@vdartinc.com","ip":"::1","action":"view","record_id":null,"details":"Viewed dashboard page"}
{"timestamp":"2025-05-29 23:17:16","user":"Felix@vdartinc.com","ip":"::1","action":"view","record_id":null,"details":"Viewed dashboard page"}
{"timestamp":"2025-05-29 23:17:27","user":"Felix@vdartinc.com","ip":"::1","action":"view","record_id":null,"details":"Viewed dashboard page"}
{"timestamp":"2025-05-29 23:17:44","user":"Felix@vdartinc.com","ip":"::1","action":"view","record_id":null,"details":"Viewed dashboard page"}
{"timestamp":"2025-05-29 23:17:58","user":"Felix@vdartinc.com","ip":"::1","action":"view","record_id":null,"details":"Viewed dashboard page"}
{"timestamp":"2025-05-29 23:18:06","user":"Felix@vdartinc.com","ip":"::1","action":"view","record_id":null,"details":"Viewed dashboard page"}
{"timestamp":"2025-05-29 23:19:00","user":"Felix@vdartinc.com","ip":"::1","action":"view","record_id":null,"details":"Viewed dashboard page"}
{"timestamp":"2025-05-29 23:22:30","user":"Felix@vdartinc.com","ip":"::1","action":"view","record_id":null,"details":"Viewed dashboard page"}
{"timestamp":"2025-05-29 23:22:37","user":"Felix@vdartinc.com","ip":"::1","action":"view","record_id":null,"details":"Viewed dashboard page"}
{"timestamp":"2025-05-29 23:22:49","user":"Felix@vdartinc.com","ip":"::1","action":"view","record_id":null,"details":"Viewed dashboard page"}
{"timestamp":"2025-05-29 23:23:12","user":"Felix@vdartinc.com","ip":"::1","action":"view","record_id":null,"details":"Viewed dashboard page"}
{"timestamp":"2025-05-29 23:23:19","user":"Felix@vdartinc.com","ip":"::1","action":"view","record_id":null,"details":"Viewed dashboard page"}
{"timestamp":"2025-05-29 23:24:05","user":"Felix@vdartinc.com","ip":"::1","action":"view","record_id":null,"details":"Viewed dashboard page"}
{"timestamp":"2025-05-29 23:24:09","user":"Felix@vdartinc.com","ip":"::1","action":"view","record_id":null,"details":"Viewed dashboard page"}
{"timestamp":"2025-05-29 23:24:11","user":"Felix@vdartinc.com","ip":"::1","action":"view","record_id":null,"details":"Viewed dashboard page"}
{"timestamp":"2025-05-29 23:26:14","user":"Felix@vdartinc.com","ip":"::1","action":"view","record_id":null,"details":"Viewed dashboard page"}
{"timestamp":"2025-05-29 23:26:19","user":"Felix@vdartinc.com","ip":"::1","action":"view","record_id":null,"details":"Viewed dashboard page"}
{"timestamp":"2025-05-29 23:26:24","user":"Felix@vdartinc.com","ip":"::1","action":"view","record_id":null,"details":"Viewed dashboard page"}
{"timestamp":"2025-05-29 23:28:37","user":"Felix@vdartinc.com","ip":"::1","action":"view","record_id":null,"details":"Viewed dashboard page"}
{"timestamp":"2025-05-29 23:28:46","user":"Felix@vdartinc.com","ip":"::1","action":"view","record_id":null,"details":"Viewed dashboard page"}
{"timestamp":"2025-05-29 23:35:34","user":"Felix@vdartinc.com","ip":"::1","action":"view","record_id":null,"details":"Viewed dashboard page"}
{"timestamp":"2025-05-29 23:37:16","user":"Felix@vdartinc.com","ip":"::1","action":"view","record_id":null,"details":"Viewed dashboard page"}
{"timestamp":"2025-05-29 23:37:20","user":"Felix@vdartinc.com","ip":"::1","action":"view","record_id":null,"details":"Viewed dashboard page"}
{"timestamp":"2025-05-29 23:37:36","user":"Felix@vdartinc.com","ip":"::1","action":"view","record_id":null,"details":"Viewed dashboard page"}
