{"timestamp":"2025-04-22 16:51:27","user":"saranraj.s@vdartinc.com","ip":"::1","action":"view","record_id":null,"details":"Viewed dashboard page"}
{"timestamp":"2025-04-22 16:51:28","user":"saranraj.s@vdartinc.com","ip":"::1","action":"view","record_id":null,"details":"Accessed new paperwork form"}
{"timestamp":"2025-04-22 16:51:43","user":"saranraj.s@vdartinc.com","ip":"::1","action":"view","record_id":null,"details":"Accessed edit form"}
{"timestamp":"2025-04-22 16:52:12","user":"saranraj.s@vdartinc.com","ip":"::1","action":"view","record_id":null,"details":"Accessed edit form"}
{"timestamp":"2025-04-22 16:52:12","user":"saranraj.s@vdartinc.com","ip":"::1","action":"update","record_id":524,"details":"Updated paperwork for Saran Raj"}
{"timestamp":"2025-04-22 16:52:15","user":"saranraj.s@vdartinc.com","ip":"::1","action":"view","record_id":null,"details":"Accessed edit form"}
{"timestamp":"2025-04-22 16:52:16","user":"saranraj.s@vdartinc.com","ip":"::1","action":"view","record_id":null,"details":"Accessed new paperwork form"}
{"timestamp":"2025-04-22 16:52:17","user":"saranraj.s@vdartinc.com","ip":"::1","action":"view","record_id":null,"details":"Viewed dashboard page"}
{"timestamp":"2025-04-22 16:53:30","user":"saranraj.s@vdartinc.com","ip":"::1","action":"view","record_id":null,"details":"Viewed dashboard page"}
{"timestamp":"2025-04-22 17:36:32","user":"saranraj.s@vdartinc.com","ip":"::1","action":"view","record_id":null,"details":"Viewed dashboard page"}
{"timestamp":"2025-04-22 17:36:49","user":"saranraj.s@vdartinc.com","ip":"::1","action":"view","record_id":null,"details":"Viewed dashboard page"}
{"timestamp":"2025-04-22 17:37:16","user":"saranraj.s@vdartinc.com","ip":"::1","action":"view","record_id":null,"details":"Viewed dashboard page"}
{"timestamp":"2025-04-22 17:39:12","user":"saranraj.s@vdartinc.com","ip":"::1","action":"view","record_id":null,"details":"Viewed dashboard page"}
{"timestamp":"2025-04-22 17:48:35","user":"saranraj.s@vdartinc.com","ip":"::1","action":"view","record_id":null,"details":"Accessed edit form"}
{"timestamp":"2025-04-22 17:48:39","user":"saranraj.s@vdartinc.com","ip":"::1","action":"view","record_id":null,"details":"Accessed edit form"}
{"timestamp":"2025-04-22 17:48:39","user":"saranraj.s@vdartinc.com","ip":"::1","action":"update","record_id":524,"details":"Updated paperwork for Saran Rajjj"}
{"timestamp":"2025-04-22 17:48:48","user":"saranraj.s@vdartinc.com","ip":"::1","action":"view","record_id":null,"details":"Viewed dashboard page"}
{"timestamp":"2025-04-22 17:48:54","user":"saranraj.s@vdartinc.com","ip":"::1","action":"view","record_id":null,"details":"Accessed new paperwork form"}
{"timestamp":"2025-04-22 17:49:40","user":"saranraj.s@vdartinc.com","ip":"::1","action":"view","record_id":null,"details":"Viewed dashboard page"}
{"timestamp":"2025-04-22 17:49:54","user":"saranraj.s@vdartinc.com","ip":"::1","action":"view","record_id":null,"details":"Viewed dashboard page"}
{"timestamp":"2025-04-22 17:50:51","user":"saranraj.s@vdartinc.com","ip":"::1","action":"export","record_id":null,"details":"Exported activity logs for date 2025-04-22"}
{"timestamp":"2025-04-22 17:52:33","user":"saranraj.s@vdartinc.com","ip":"::1","action":"view","record_id":null,"details":"Viewed dashboard page"}
{"timestamp":"2025-04-22 22:15:32","user":"saranraj.s@vdartinc.com","ip":"::1","action":"view","record_id":null,"details":"Viewed dashboard page"}
{"timestamp":"2025-04-22 22:16:30","user":"saranraj.s@vdartinc.com","ip":"::1","action":"view","record_id":null,"details":"Viewed dashboard page"}
{"timestamp":"2025-04-22 22:55:50","user":"saranraj.s@vdartinc.com","ip":"::1","action":"view","record_id":null,"details":"Viewed dashboard page"}
