{"timestamp":"2025-06-26 00:02:25","user":"saranraj.s@vdartinc.com","ip":"::1","action":"view","record_id":null,"details":"Accessed new paperwork form"}
{"timestamp":"2025-06-26 00:02:44","user":"saranraj.s@vdartinc.com","ip":"::1","action":"import","record_id":null,"details":"Imported 0 dropdown options for field: business_unit"}
{"timestamp":"2025-06-26 00:02:46","user":"saranraj.s@vdartinc.com","ip":"::1","action":"view","record_id":null,"details":"Accessed new paperwork form"}
{"timestamp":"2025-06-26 00:04:00","user":"saranraj.s@vdartinc.com","ip":"::1","action":"view","record_id":null,"details":"Accessed new paperwork form"}
{"timestamp":"2025-06-26 00:07:29","user":"saranraj.s@vdartinc.com","ip":"::1","action":"view","record_id":null,"details":"Accessed new paperwork form"}
{"timestamp":"2025-06-26 00:07:44","user":"saranraj.s@vdartinc.com","ip":"::1","action":"view","record_id":null,"details":"Accessed new paperwork form"}
{"timestamp":"2025-06-26 15:00:37","user":"saranraj.s@vdartinc.com","ip":"::1","action":"view","record_id":null,"details":"Accessed new paperwork form"}
{"timestamp":"2025-06-26 15:02:50","user":"saranraj.s@vdartinc.com","ip":"::1","action":"view","record_id":null,"details":"Accessed new paperwork form"}
{"timestamp":"2025-06-26 15:03:04","user":"saranraj.s@vdartinc.com","ip":"::1","action":"import","record_id":null,"details":"Imported 5 dropdown options for field: business_unit"}
{"timestamp":"2025-06-26 15:03:06","user":"saranraj.s@vdartinc.com","ip":"::1","action":"view","record_id":null,"details":"Accessed new paperwork form"}
{"timestamp":"2025-06-26 15:03:07","user":"saranraj.s@vdartinc.com","ip":"::1","action":"view","record_id":null,"details":"Accessed new paperwork form"}
{"timestamp":"2025-06-26 15:03:18","user":"saranraj.s@vdartinc.com","ip":"::1","action":"view","record_id":null,"details":"Accessed new paperwork form"}
{"timestamp":"2025-06-26 15:03:19","user":"saranraj.s@vdartinc.com","ip":"::1","action":"view","record_id":null,"details":"Viewed dashboard page"}
{"timestamp":"2025-06-26 15:03:37","user":"saranraj.s@vdartinc.com","ip":"::1","action":"view","record_id":null,"details":"Viewed dashboard page"}
{"timestamp":"2025-06-26 15:03:38","user":"saranraj.s@vdartinc.com","ip":"::1","action":"view","record_id":null,"details":"Accessed new paperwork form"}
{"timestamp":"2025-06-26 15:04:44","user":"saranraj.s@vdartinc.com","ip":"::1","action":"view","record_id":null,"details":"Viewed dashboard page"}
{"timestamp":"2025-06-26 15:04:45","user":"saranraj.s@vdartinc.com","ip":"::1","action":"view","record_id":null,"details":"Viewed dashboard page"}
{"timestamp":"2025-06-26 15:04:46","user":"saranraj.s@vdartinc.com","ip":"::1","action":"view","record_id":null,"details":"Viewed dashboard page"}
{"timestamp":"2025-06-26 15:04:47","user":"saranraj.s@vdartinc.com","ip":"::1","action":"view","record_id":null,"details":"Accessed new paperwork form"}
{"timestamp":"2025-06-26 15:06:09","user":"saranraj.s@vdartinc.com","ip":"::1","action":"view","record_id":null,"details":"Accessed new paperwork form"}
{"timestamp":"2025-06-26 15:06:10","user":"saranraj.s@vdartinc.com","ip":"::1","action":"view","record_id":null,"details":"Accessed new paperwork form"}
{"timestamp":"2025-06-26 15:08:31","user":"unknown","ip":"::1","action":"view","record_id":null,"details":"Viewed dashboard page"}
{"timestamp":"2025-06-26 15:08:39","user":"saranraj.s@vdartinc.com","ip":"::1","action":"view","record_id":null,"details":"Accessed new paperwork form"}
{"timestamp":"2025-06-26 15:08:39","user":"saranraj.s@vdartinc.com","ip":"::1","action":"view","record_id":null,"details":"Accessed new paperwork form"}
{"timestamp":"2025-06-26 15:08:47","user":"saranraj.s@vdartinc.com","ip":"::1","action":"view","record_id":null,"details":"Viewed dashboard page"}
{"timestamp":"2025-06-26 15:08:49","user":"saranraj.s@vdartinc.com","ip":"::1","action":"view","record_id":null,"details":"Accessed new paperwork form"}
{"timestamp":"2025-06-26 15:09:54","user":"saranraj.s@vdartinc.com","ip":"::1","action":"view","record_id":null,"details":"Accessed new paperwork form"}
{"timestamp":"2025-06-26 15:11:00","user":"saranraj.s@vdartinc.com","ip":"::1","action":"view","record_id":null,"details":"Accessed new paperwork form"}
{"timestamp":"2025-06-26 15:11:18","user":"unknown","ip":"::1","action":"view","record_id":null,"details":"Viewed dashboard page"}
{"timestamp":"2025-06-26 15:13:22","user":"saranraj.s@vdartinc.com","ip":"::1","action":"view","record_id":null,"details":"Viewed dashboard page"}
{"timestamp":"2025-06-26 15:21:09","user":"saranraj.s@vdartinc.com","ip":"::1","action":"view","record_id":null,"details":"Viewed dashboard page"}
{"timestamp":"2025-06-26 15:21:20","user":"saranraj.s@vdartinc.com","ip":"::1","action":"view","record_id":1015,"details":"Accessed edit form"}
{"timestamp":"2025-06-26 15:21:56","user":"saranraj.s@vdartinc.com","ip":"::1","action":"view","record_id":1015,"details":"Accessed edit form"}
{"timestamp":"2025-06-26 16:00:05","user":"saranraj.s@vdartinc.com","ip":"::1","action":"view","record_id":null,"details":"Viewed dashboard page"}
{"timestamp":"2025-06-26 16:00:14","user":"saranraj.s@vdartinc.com","ip":"::1","action":"view","record_id":null,"details":"Viewed dashboard page"}
{"timestamp":"2025-06-26 16:05:08","user":"saranraj.s@vdartinc.com","ip":"::1","action":"view","record_id":null,"details":"Viewed dashboard page"}
{"timestamp":"2025-06-26 16:05:13","user":"saranraj.s@vdartinc.com","ip":"::1","action":"view","record_id":null,"details":"Viewed dashboard page"}
{"timestamp":"2025-06-26 16:05:14","user":"saranraj.s@vdartinc.com","ip":"::1","action":"view","record_id":null,"details":"Accessed new paperwork form"}
{"timestamp":"2025-06-26 16:05:20","user":"saranraj.s@vdartinc.com","ip":"::1","action":"view","record_id":null,"details":"Viewed dashboard page"}
{"timestamp":"2025-06-26 16:05:24","user":"saranraj.s@vdartinc.com","ip":"::1","action":"view","record_id":null,"details":"Viewed dashboard page"}
{"timestamp":"2025-06-26 16:05:25","user":"saranraj.s@vdartinc.com","ip":"::1","action":"view","record_id":null,"details":"Accessed new paperwork form"}
{"timestamp":"2025-06-26 16:09:58","user":"saranraj.s@vdartinc.com","ip":"::1","action":"view","record_id":null,"details":"Viewed dashboard page"}
{"timestamp":"2025-06-26 16:10:02","user":"saranraj.s@vdartinc.com","ip":"::1","action":"view","record_id":null,"details":"Viewed dashboard page"}
{"timestamp":"2025-06-26 16:10:31","user":"saranraj.s@vdartinc.com","ip":"::1","action":"view","record_id":null,"details":"Viewed dashboard page"}
{"timestamp":"2025-06-26 16:15:58","user":"saranraj.s@vdartinc.com","ip":"::1","action":"view","record_id":null,"details":"Viewed dashboard page"}
{"timestamp":"2025-06-26 16:16:00","user":"saranraj.s@vdartinc.com","ip":"::1","action":"view","record_id":null,"details":"Accessed new paperwork form"}
{"timestamp":"2025-06-26 16:17:54","user":"saranraj.s@vdartinc.com","ip":"::1","action":"view","record_id":1015,"details":"Accessed edit form"}
{"timestamp":"2025-06-26 16:18:11","user":"saranraj.s@vdartinc.com","ip":"::1","action":"view","record_id":null,"details":"Viewed dashboard page"}
{"timestamp":"2025-06-26 16:46:30","user":"saranraj.s@vdartinc.com","ip":"::1","action":"view","record_id":null,"details":"Viewed dashboard page"}
{"timestamp":"2025-06-26 16:46:30","user":"saranraj.s@vdartinc.com","ip":"::1","action":"view","record_id":null,"details":"Accessed new paperwork form"}
{"timestamp":"2025-06-26 16:47:34","user":"saranraj.s@vdartinc.com","ip":"::1","action":"view","record_id":null,"details":"Accessed new paperwork form"}
{"timestamp":"2025-06-26 16:47:39","user":"saranraj.s@vdartinc.com","ip":"::1","action":"view","record_id":null,"details":"Accessed new paperwork form"}
{"timestamp":"2025-06-26 16:47:44","user":"saranraj.s@vdartinc.com","ip":"::1","action":"view","record_id":null,"details":"Viewed dashboard page"}
{"timestamp":"2025-06-26 16:48:08","user":"saranraj.s@vdartinc.com","ip":"::1","action":"view","record_id":null,"details":"Viewed dashboard page"}
{"timestamp":"2025-06-26 16:48:09","user":"saranraj.s@vdartinc.com","ip":"::1","action":"view","record_id":null,"details":"Viewed dashboard page"}
{"timestamp":"2025-06-26 16:48:10","user":"saranraj.s@vdartinc.com","ip":"::1","action":"view","record_id":null,"details":"Viewed dashboard page"}
{"timestamp":"2025-06-26 16:48:10","user":"saranraj.s@vdartinc.com","ip":"::1","action":"view","record_id":null,"details":"Viewed dashboard page"}
{"timestamp":"2025-06-26 16:48:10","user":"saranraj.s@vdartinc.com","ip":"::1","action":"view","record_id":null,"details":"Viewed dashboard page"}
{"timestamp":"2025-06-26 16:49:16","user":"saranraj.s@vdartinc.com","ip":"::1","action":"view","record_id":null,"details":"Viewed dashboard page"}
{"timestamp":"2025-06-26 16:49:17","user":"saranraj.s@vdartinc.com","ip":"::1","action":"view","record_id":null,"details":"Accessed new paperwork form"}
{"timestamp":"2025-06-26 16:49:22","user":"saranraj.s@vdartinc.com","ip":"::1","action":"view","record_id":null,"details":"Viewed dashboard page"}
{"timestamp":"2025-06-26 16:49:24","user":"saranraj.s@vdartinc.com","ip":"::1","action":"view","record_id":null,"details":"Accessed new paperwork form"}
{"timestamp":"2025-06-26 16:49:40","user":"saranraj.s@vdartinc.com","ip":"::1","action":"view","record_id":null,"details":"Accessed new paperwork form"}
{"timestamp":"2025-06-26 16:49:41","user":"saranraj.s@vdartinc.com","ip":"::1","action":"view","record_id":null,"details":"Viewed dashboard page"}
{"timestamp":"2025-06-26 16:49:51","user":"saranraj.s@vdartinc.com","ip":"::1","action":"view","record_id":null,"details":"Viewed dashboard page"}
{"timestamp":"2025-06-26 16:50:00","user":"saranraj.s@vdartinc.com","ip":"::1","action":"view","record_id":1015,"details":"Accessed edit form"}
{"timestamp":"2025-06-26 16:50:09","user":"saranraj.s@vdartinc.com","ip":"::1","action":"view","record_id":null,"details":"Viewed dashboard page"}
{"timestamp":"2025-06-26 17:21:27","user":"saranraj.s@vdartinc.com","ip":"::1","action":"view","record_id":null,"details":"Viewed dashboard page"}
{"timestamp":"2025-06-26 17:47:23","user":"saranraj.s@vdartinc.com","ip":"::1","action":"view","record_id":null,"details":"Viewed dashboard page"}
{"timestamp":"2025-06-26 17:47:24","user":"saranraj.s@vdartinc.com","ip":"::1","action":"view","record_id":null,"details":"Accessed new paperwork form"}
{"timestamp":"2025-06-26 17:47:46","user":"saranraj.s@vdartinc.com","ip":"::1","action":"view","record_id":null,"details":"Accessed new paperwork form"}
{"timestamp":"2025-06-26 17:47:57","user":"saranraj.s@vdartinc.com","ip":"::1","action":"view","record_id":null,"details":"Accessed new paperwork form"}
{"timestamp":"2025-06-26 17:55:15","user":"saranraj.s@vdartinc.com","ip":"::1","action":"view","record_id":null,"details":"Accessed new paperwork form"}
{"timestamp":"2025-06-26 17:56:17","user":"saranraj.s@vdartinc.com","ip":"::1","action":"view","record_id":null,"details":"Accessed new paperwork form"}
{"timestamp":"2025-06-26 17:57:10","user":"saranraj.s@vdartinc.com","ip":"::1","action":"view","record_id":null,"details":"Accessed new paperwork form"}
{"timestamp":"2025-06-26 17:57:39","user":"saranraj.s@vdartinc.com","ip":"::1","action":"view","record_id":null,"details":"Accessed new paperwork form"}
{"timestamp":"2025-06-26 17:57:53","user":"saranraj.s@vdartinc.com","ip":"::1","action":"view","record_id":null,"details":"Accessed new paperwork form"}
{"timestamp":"2025-06-26 18:15:51","user":"saranraj.s@vdartinc.com","ip":"::1","action":"view","record_id":null,"details":"Viewed dashboard page"}
{"timestamp":"2025-06-26 18:15:54","user":"saranraj.s@vdartinc.com","ip":"::1","action":"view","record_id":null,"details":"Viewed dashboard page"}
{"timestamp":"2025-06-26 18:15:59","user":"saranraj.s@vdartinc.com","ip":"::1","action":"view","record_id":null,"details":"Viewed dashboard page"}
{"timestamp":"2025-06-26 18:16:01","user":"saranraj.s@vdartinc.com","ip":"::1","action":"view","record_id":null,"details":"Viewed dashboard page"}
{"timestamp":"2025-06-26 18:24:42","user":"saranraj.s@vdartinc.com","ip":"::1","action":"view","record_id":null,"details":"Accessed new paperwork form"}
{"timestamp":"2025-06-26 18:24:44","user":"saranraj.s@vdartinc.com","ip":"::1","action":"view","record_id":null,"details":"Viewed dashboard page"}
{"timestamp":"2025-06-26 18:24:47","user":"saranraj.s@vdartinc.com","ip":"::1","action":"view","record_id":null,"details":"Viewed dashboard page"}
{"timestamp":"2025-06-26 18:47:47","user":"saranraj.s@vdartinc.com","ip":"::1","action":"view","record_id":null,"details":"Viewed dashboard page"}
{"timestamp":"2025-06-26 18:48:42","user":"saranraj.s@vdartinc.com","ip":"::1","action":"view","record_id":null,"details":"Viewed dashboard page"}
{"timestamp":"2025-06-26 18:48:45","user":"saranraj.s@vdartinc.com","ip":"::1","action":"view","record_id":null,"details":"Viewed dashboard page"}
{"timestamp":"2025-06-26 19:08:12","user":"saranraj.s@vdartinc.com","ip":"::1","action":"view","record_id":null,"details":"Viewed dashboard page"}
{"timestamp":"2025-06-26 19:08:16","user":"saranraj.s@vdartinc.com","ip":"::1","action":"view","record_id":null,"details":"Viewed dashboard page"}
{"timestamp":"2025-06-26 20:18:35","user":"saranraj.s@vdartinc.com","ip":"::1","action":"view","record_id":null,"details":"Accessed new paperwork form"}
{"timestamp":"2025-06-26 20:18:53","user":"saranraj.s@vdartinc.com","ip":"::1","action":"view","record_id":null,"details":"Viewed dashboard page"}
{"timestamp":"2025-06-26 20:37:21","user":"saranraj.s@vdartinc.com","ip":"::1","action":"view","record_id":null,"details":"Viewed dashboard page"}
{"timestamp":"2025-06-26 20:45:43","user":"saranraj.s@vdartinc.com","ip":"::1","action":"view","record_id":null,"details":"Viewed dashboard page"}
{"timestamp":"2025-06-26 20:45:44","user":"saranraj.s@vdartinc.com","ip":"::1","action":"view","record_id":null,"details":"Viewed dashboard page"}
{"timestamp":"2025-06-26 20:45:45","user":"saranraj.s@vdartinc.com","ip":"::1","action":"view","record_id":null,"details":"Viewed dashboard page"}
{"timestamp":"2025-06-26 20:46:00","user":"saranraj.s@vdartinc.com","ip":"::1","action":"view","record_id":null,"details":"Viewed dashboard page"}
{"timestamp":"2025-06-26 20:46:39","user":"saranraj.s@vdartinc.com","ip":"::1","action":"view","record_id":null,"details":"Viewed dashboard page"}
{"timestamp":"2025-06-26 21:01:12","user":"saranraj.s@vdartinc.com","ip":"::1","action":"view","record_id":1015,"details":"Accessed edit form"}
{"timestamp":"2025-06-26 21:01:20","user":"saranraj.s@vdartinc.com","ip":"::1","action":"view","record_id":1015,"details":"Accessed edit form"}
{"timestamp":"2025-06-26 21:01:24","user":"saranraj.s@vdartinc.com","ip":"::1","action":"update","record_id":1015,"details":"Updated paperwork for SAMPLE DATA DEV PURPOSE"}
{"timestamp":"2025-06-26 21:01:45","user":"saranraj.s@vdartinc.com","ip":"::1","action":"view","record_id":null,"details":"Viewed dashboard page"}
{"timestamp":"2025-06-26 21:01:55","user":"saranraj.s@vdartinc.com","ip":"::1","action":"view","record_id":null,"details":"Viewed dashboard page"}
{"timestamp":"2025-06-26 21:02:21","user":"saranraj.s@vdartinc.com","ip":"::1","action":"view","record_id":null,"details":"Viewed dashboard page"}
{"timestamp":"2025-06-26 21:02:22","user":"saranraj.s@vdartinc.com","ip":"::1","action":"view","record_id":null,"details":"Viewed dashboard page"}
{"timestamp":"2025-06-26 21:02:41","user":"saranraj.s@vdartinc.com","ip":"::1","action":"view","record_id":null,"details":"Viewed dashboard page"}
{"timestamp":"2025-06-26 21:03:17","user":"saranraj.s@vdartinc.com","ip":"::1","action":"view","record_id":null,"details":"Viewed dashboard page"}
{"timestamp":"2025-06-26 21:03:33","user":"saranraj.s@vdartinc.com","ip":"::1","action":"view","record_id":null,"details":"Viewed dashboard page"}
{"timestamp":"2025-06-26 21:03:34","user":"saranraj.s@vdartinc.com","ip":"::1","action":"view","record_id":null,"details":"Accessed new paperwork form"}
{"timestamp":"2025-06-26 21:04:12","user":"saranraj.s@vdartinc.com","ip":"::1","action":"view","record_id":null,"details":"Accessed new paperwork form"}
{"timestamp":"2025-06-26 21:04:19","user":"saranraj.s@vdartinc.com","ip":"::1","action":"view","record_id":null,"details":"Viewed dashboard page"}
{"timestamp":"2025-06-26 21:04:33","user":"saranraj.s@vdartinc.com","ip":"::1","action":"view","record_id":null,"details":"Viewed dashboard page"}
{"timestamp":"2025-06-26 21:04:35","user":"saranraj.s@vdartinc.com","ip":"::1","action":"view","record_id":null,"details":"Accessed new paperwork form"}
{"timestamp":"2025-06-26 21:05:16","user":"saranraj.s@vdartinc.com","ip":"::1","action":"view","record_id":null,"details":"Accessed new paperwork form"}
{"timestamp":"2025-06-26 21:05:17","user":"saranraj.s@vdartinc.com","ip":"::1","action":"view","record_id":null,"details":"Viewed dashboard page"}
{"timestamp":"2025-06-26 21:05:58","user":"saranraj.s@vdartinc.com","ip":"::1","action":"view","record_id":null,"details":"Viewed dashboard page"}
{"timestamp":"2025-06-26 21:06:04","user":"saranraj.s@vdartinc.com","ip":"::1","action":"view","record_id":null,"details":"Viewed dashboard page"}
{"timestamp":"2025-06-26 21:06:33","user":"saranraj.s@vdartinc.com","ip":"::1","action":"view","record_id":null,"details":"Viewed dashboard page"}
{"timestamp":"2025-06-26 21:07:08","user":"saranraj.s@vdartinc.com","ip":"::1","action":"view","record_id":null,"details":"Viewed dashboard page"}
{"timestamp":"2025-06-26 21:07:09","user":"saranraj.s@vdartinc.com","ip":"::1","action":"view","record_id":null,"details":"Accessed new paperwork form"}
{"timestamp":"2025-06-26 21:08:22","user":"saranraj.s@vdartinc.com","ip":"::1","action":"view","record_id":null,"details":"Accessed new paperwork form"}
{"timestamp":"2025-06-26 21:08:41","user":"saranraj.s@vdartinc.com","ip":"::1","action":"view","record_id":null,"details":"Accessed new paperwork form"}
{"timestamp":"2025-06-26 21:19:28","user":"saranraj.s@vdartinc.com","ip":"::1","action":"view","record_id":null,"details":"Viewed dashboard page"}
{"timestamp":"2025-06-26 21:19:28","user":"saranraj.s@vdartinc.com","ip":"::1","action":"view","record_id":null,"details":"Accessed new paperwork form"}
{"timestamp":"2025-06-26 21:21:20","user":"saranraj.s@vdartinc.com","ip":"::1","action":"view","record_id":null,"details":"Viewed dashboard page"}
{"timestamp":"2025-06-26 21:21:23","user":"saranraj.s@vdartinc.com","ip":"::1","action":"view","record_id":null,"details":"Accessed new paperwork form"}
{"timestamp":"2025-06-26 21:23:05","user":"saranraj.s@vdartinc.com","ip":"::1","action":"view","record_id":null,"details":"Viewed dashboard page"}
{"timestamp":"2025-06-26 21:23:07","user":"saranraj.s@vdartinc.com","ip":"::1","action":"view","record_id":null,"details":"Accessed new paperwork form"}
{"timestamp":"2025-06-26 21:25:31","user":"saranraj.s@vdartinc.com","ip":"::1","action":"view","record_id":null,"details":"Viewed dashboard page"}
{"timestamp":"2025-06-26 21:25:36","user":"saranraj.s@vdartinc.com","ip":"::1","action":"view","record_id":null,"details":"Viewed dashboard page"}
{"timestamp":"2025-06-26 21:25:36","user":"saranraj.s@vdartinc.com","ip":"::1","action":"view","record_id":null,"details":"Viewed dashboard page"}
{"timestamp":"2025-06-26 21:25:46","user":"saranraj.s@vdartinc.com","ip":"::1","action":"view","record_id":null,"details":"Viewed dashboard page"}
{"timestamp":"2025-06-26 21:25:48","user":"saranraj.s@vdartinc.com","ip":"::1","action":"view","record_id":null,"details":"Viewed dashboard page"}
{"timestamp":"2025-06-26 21:25:59","user":"saranraj.s@vdartinc.com","ip":"::1","action":"view","record_id":null,"details":"Viewed dashboard page"}
{"timestamp":"2025-06-26 21:27:58","user":"saranraj.s@vdartinc.com","ip":"::1","action":"view","record_id":null,"details":"Viewed dashboard page"}
{"timestamp":"2025-06-26 21:33:00","user":"saranraj.s@vdartinc.com","ip":"::1","action":"view","record_id":null,"details":"Viewed dashboard page"}
{"timestamp":"2025-06-26 21:33:32","user":"saranraj.s@vdartinc.com","ip":"::1","action":"view","record_id":null,"details":"Viewed dashboard page"}
{"timestamp":"2025-06-26 21:33:33","user":"saranraj.s@vdartinc.com","ip":"::1","action":"view","record_id":null,"details":"Viewed dashboard page"}
{"timestamp":"2025-06-26 21:33:52","user":"saranraj.s@vdartinc.com","ip":"::1","action":"view","record_id":null,"details":"Viewed dashboard page"}
{"timestamp":"2025-06-26 21:33:54","user":"saranraj.s@vdartinc.com","ip":"::1","action":"view","record_id":null,"details":"Viewed dashboard page"}
{"timestamp":"2025-06-26 21:34:03","user":"saranraj.s@vdartinc.com","ip":"::1","action":"view","record_id":null,"details":"Viewed dashboard page"}
{"timestamp":"2025-06-26 21:34:05","user":"saranraj.s@vdartinc.com","ip":"::1","action":"view","record_id":null,"details":"Viewed dashboard page"}
{"timestamp":"2025-06-26 21:34:08","user":"saranraj.s@vdartinc.com","ip":"::1","action":"view","record_id":null,"details":"Viewed dashboard page"}
{"timestamp":"2025-06-26 21:34:09","user":"saranraj.s@vdartinc.com","ip":"::1","action":"view","record_id":null,"details":"Viewed dashboard page"}
{"timestamp":"2025-06-26 21:34:13","user":"saranraj.s@vdartinc.com","ip":"::1","action":"view","record_id":null,"details":"Viewed dashboard page"}
{"timestamp":"2025-06-26 21:34:45","user":"saranraj.s@vdartinc.com","ip":"::1","action":"view","record_id":null,"details":"Viewed dashboard page"}
{"timestamp":"2025-06-26 21:34:58","user":"saranraj.s@vdartinc.com","ip":"::1","action":"view","record_id":null,"details":"Viewed dashboard page"}
{"timestamp":"2025-06-26 21:35:32","user":"saranraj.s@vdartinc.com","ip":"::1","action":"view","record_id":1015,"details":"Accessed edit form"}
{"timestamp":"2025-06-26 21:38:01","user":"saranraj.s@vdartinc.com","ip":"::1","action":"view","record_id":null,"details":"Viewed dashboard page"}
{"timestamp":"2025-06-26 21:38:02","user":"saranraj.s@vdartinc.com","ip":"::1","action":"view","record_id":null,"details":"Accessed new paperwork form"}
{"timestamp":"2025-06-26 21:49:24","user":"saranraj.s@vdartinc.com","ip":"::1","action":"view","record_id":null,"details":"Viewed dashboard page"}
{"timestamp":"2025-06-26 21:53:41","user":"saranraj.s@vdartinc.com","ip":"::1","action":"view","record_id":null,"details":"Accessed new paperwork form"}
{"timestamp":"2025-06-26 21:54:06","user":"saranraj.s@vdartinc.com","ip":"::1","action":"view","record_id":null,"details":"Viewed dashboard page"}
{"timestamp":"2025-06-26 21:54:13","user":"saranraj.s@vdartinc.com","ip":"::1","action":"view","record_id":1015,"details":"Accessed edit form"}
{"timestamp":"2025-06-26 21:59:04","user":"saranraj.s@vdartinc.com","ip":"::1","action":"view","record_id":null,"details":"Viewed dashboard page"}
{"timestamp":"2025-06-26 21:59:14","user":"saranraj.s@vdartinc.com","ip":"::1","action":"view","record_id":2015628,"details":"Accessed edit form"}
{"timestamp":"2025-06-26 22:01:39","user":"saranraj.s@vdartinc.com","ip":"::1","action":"view","record_id":2015628,"details":"Accessed edit form"}
{"timestamp":"2025-06-26 22:02:41","user":"saranraj.s@vdartinc.com","ip":"::1","action":"view","record_id":2015628,"details":"Accessed edit form"}
{"timestamp":"2025-06-26 22:02:46","user":"saranraj.s@vdartinc.com","ip":"::1","action":"update","record_id":2015628,"details":"Updated paperwork for SANTHOSH  J K"}
{"timestamp":"2025-06-26 22:03:27","user":"saranraj.s@vdartinc.com","ip":"::1","action":"view","record_id":2015628,"details":"Accessed edit form"}
{"timestamp":"2025-06-26 22:04:40","user":"saranraj.s@vdartinc.com","ip":"::1","action":"view","record_id":2015628,"details":"Accessed edit form"}
{"timestamp":"2025-06-26 22:05:19","user":"saranraj.s@vdartinc.com","ip":"::1","action":"view","record_id":2015628,"details":"Accessed edit form"}
{"timestamp":"2025-06-26 22:10:50","user":"saranraj.s@vdartinc.com","ip":"::1","action":"view","record_id":null,"details":"Viewed dashboard page"}
{"timestamp":"2025-06-26 22:10:54","user":"saranraj.s@vdartinc.com","ip":"::1","action":"view","record_id":null,"details":"Viewed dashboard page"}
{"timestamp":"2025-06-26 22:11:56","user":"saranraj.s@vdartinc.com","ip":"::1","action":"view","record_id":2015628,"details":"Accessed edit form"}
{"timestamp":"2025-06-26 22:13:08","user":"saranraj.s@vdartinc.com","ip":"::1","action":"view","record_id":null,"details":"Viewed dashboard page"}
{"timestamp":"2025-06-26 22:13:08","user":"saranraj.s@vdartinc.com","ip":"::1","action":"view","record_id":null,"details":"Accessed new paperwork form"}
{"timestamp":"2025-06-26 22:18:00","user":"saranraj.s@vdartinc.com","ip":"::1","action":"view","record_id":null,"details":"Viewed dashboard page"}
{"timestamp":"2025-06-26 22:18:01","user":"saranraj.s@vdartinc.com","ip":"::1","action":"view","record_id":null,"details":"Accessed new paperwork form"}
{"timestamp":"2025-06-26 22:18:41","user":"saranraj.s@vdartinc.com","ip":"::1","action":"view","record_id":null,"details":"Accessed new paperwork form"}
{"timestamp":"2025-06-26 22:18:50","user":"saranraj.s@vdartinc.com","ip":"::1","action":"view","record_id":null,"details":"Viewed dashboard page"}
{"timestamp":"2025-06-26 22:19:03","user":"saranraj.s@vdartinc.com","ip":"::1","action":"view","record_id":2015628,"details":"Accessed edit form"}
{"timestamp":"2025-06-26 22:19:24","user":"saranraj.s@vdartinc.com","ip":"::1","action":"view","record_id":1015,"details":"Accessed edit form"}
{"timestamp":"2025-06-26 22:20:18","user":"saranraj.s@vdartinc.com","ip":"::1","action":"view","record_id":1015,"details":"Accessed edit form"}
{"timestamp":"2025-06-26 22:22:21","user":"saranraj.s@vdartinc.com","ip":"::1","action":"view","record_id":null,"details":"Viewed dashboard page"}
{"timestamp":"2025-06-26 22:25:11","user":"saranraj.s@vdartinc.com","ip":"::1","action":"view","record_id":null,"details":"Viewed dashboard page"}
{"timestamp":"2025-06-26 22:25:14","user":"saranraj.s@vdartinc.com","ip":"::1","action":"view","record_id":null,"details":"Viewed dashboard page"}
{"timestamp":"2025-06-26 22:25:23","user":"saranraj.s@vdartinc.com","ip":"::1","action":"view","record_id":null,"details":"Viewed dashboard page"}
{"timestamp":"2025-06-26 22:27:35","user":"saranraj.s@vdartinc.com","ip":"::1","action":"view","record_id":null,"details":"Accessed new paperwork form"}
{"timestamp":"2025-06-26 22:34:49","user":"saranraj.s@vdartinc.com","ip":"::1","action":"view","record_id":null,"details":"Viewed dashboard page"}
{"timestamp":"2025-06-26 22:34:58","user":"saranraj.s@vdartinc.com","ip":"::1","action":"view","record_id":2015629,"details":"Accessed edit form"}
{"timestamp":"2025-06-26 22:42:01","user":"saranraj.s@vdartinc.com","ip":"::1","action":"view","record_id":null,"details":"Accessed new paperwork form"}
{"timestamp":"2025-06-26 22:42:08","user":"saranraj.s@vdartinc.com","ip":"::1","action":"view","record_id":null,"details":"Accessed new paperwork form"}
{"timestamp":"2025-06-26 22:45:31","user":"saranraj.s@vdartinc.com","ip":"::1","action":"view","record_id":2015628,"details":"Accessed edit form"}
{"timestamp":"2025-06-26 22:47:20","user":"saranraj.s@vdartinc.com","ip":"::1","action":"view","record_id":null,"details":"Viewed dashboard page"}
{"timestamp":"2025-06-26 22:47:21","user":"saranraj.s@vdartinc.com","ip":"::1","action":"view","record_id":null,"details":"Accessed new paperwork form"}
{"timestamp":"2025-06-26 22:47:26","user":"saranraj.s@vdartinc.com","ip":"::1","action":"view","record_id":null,"details":"Viewed dashboard page"}
{"timestamp":"2025-06-26 22:47:27","user":"saranraj.s@vdartinc.com","ip":"::1","action":"view","record_id":null,"details":"Accessed new paperwork form"}
{"timestamp":"2025-06-26 22:51:57","user":"saranraj.s@vdartinc.com","ip":"::1","action":"view","record_id":null,"details":"Accessed new paperwork form"}
{"timestamp":"2025-06-26 22:53:41","user":"saranraj.s@vdartinc.com","ip":"::1","action":"view","record_id":null,"details":"Accessed new paperwork form"}
{"timestamp":"2025-06-26 22:54:11","user":"saranraj.s@vdartinc.com","ip":"::1","action":"view","record_id":null,"details":"Accessed new paperwork form"}
{"timestamp":"2025-06-26 22:55:08","user":"saranraj.s@vdartinc.com","ip":"::1","action":"view","record_id":null,"details":"Viewed dashboard page"}
{"timestamp":"2025-06-26 22:55:09","user":"saranraj.s@vdartinc.com","ip":"::1","action":"view","record_id":null,"details":"Viewed dashboard page"}
{"timestamp":"2025-06-26 22:55:12","user":"saranraj.s@vdartinc.com","ip":"::1","action":"view","record_id":null,"details":"Viewed dashboard page"}
{"timestamp":"2025-06-26 22:55:14","user":"saranraj.s@vdartinc.com","ip":"::1","action":"view","record_id":null,"details":"Accessed new paperwork form"}
{"timestamp":"2025-06-26 22:57:10","user":"saranraj.s@vdartinc.com","ip":"::1","action":"view","record_id":null,"details":"Viewed dashboard page"}
{"timestamp":"2025-06-26 22:58:12","user":"saranraj.s@vdartinc.com","ip":"::1","action":"view","record_id":null,"details":"Viewed dashboard page"}
{"timestamp":"2025-06-26 22:58:13","user":"saranraj.s@vdartinc.com","ip":"::1","action":"view","record_id":null,"details":"Accessed new paperwork form"}
{"timestamp":"2025-06-26 22:59:38","user":"saranraj.s@vdartinc.com","ip":"::1","action":"view","record_id":null,"details":"Accessed new paperwork form"}
{"timestamp":"2025-06-26 23:00:17","user":"saranraj.s@vdartinc.com","ip":"::1","action":"view","record_id":null,"details":"Viewed dashboard page"}
{"timestamp":"2025-06-26 23:00:18","user":"saranraj.s@vdartinc.com","ip":"::1","action":"view","record_id":null,"details":"Accessed new paperwork form"}
{"timestamp":"2025-06-26 23:00:23","user":"saranraj.s@vdartinc.com","ip":"::1","action":"view","record_id":null,"details":"Viewed dashboard page"}
{"timestamp":"2025-06-26 23:37:49","user":"saranraj.s@vdartinc.com","ip":"::1","action":"view","record_id":2015629,"details":"Accessed edit form"}
{"timestamp":"2025-06-26 23:37:52","user":"saranraj.s@vdartinc.com","ip":"::1","action":"view","record_id":null,"details":"Viewed dashboard page"}
{"timestamp":"2025-06-26 23:37:53","user":"saranraj.s@vdartinc.com","ip":"::1","action":"view","record_id":null,"details":"Accessed new paperwork form"}
{"timestamp":"2025-06-26 23:47:02","user":"saranraj.s@vdartinc.com","ip":"::1","action":"view","record_id":null,"details":"Viewed dashboard page"}
{"timestamp":"2025-06-26 23:47:10","user":"saranraj.s@vdartinc.com","ip":"::1","action":"view","record_id":null,"details":"Viewed dashboard page"}
{"timestamp":"2025-06-26 23:47:30","user":"saranraj.s@vdartinc.com","ip":"::1","action":"view","record_id":null,"details":"Viewed dashboard page"}
{"timestamp":"2025-06-26 23:52:04","user":"saranraj.s@vdartinc.com","ip":"::1","action":"view","record_id":null,"details":"Viewed dashboard page"}
{"timestamp":"2025-06-26 23:52:17","user":"saranraj.s@vdartinc.com","ip":"::1","action":"view","record_id":2015630,"details":"Accessed edit form"}
{"timestamp":"2025-06-26 23:54:22","user":"saranraj.s@vdartinc.com","ip":"::1","action":"view","record_id":null,"details":"Viewed dashboard page"}
{"timestamp":"2025-06-26 23:56:37","user":"saranraj.s@vdartinc.com","ip":"::1","action":"view","record_id":null,"details":"Viewed dashboard page"}
{"timestamp":"2025-06-26 23:56:54","user":"saranraj.s@vdartinc.com","ip":"::1","action":"view","record_id":null,"details":"Viewed dashboard page"}
{"timestamp":"2025-06-26 23:57:12","user":"saranraj.s@vdartinc.com","ip":"::1","action":"view","record_id":null,"details":"Viewed dashboard page"}
{"timestamp":"2025-06-26 23:58:41","user":"saranraj.s@vdartinc.com","ip":"::1","action":"view","record_id":null,"details":"Viewed dashboard page"}
{"timestamp":"2025-06-26 23:58:47","user":"saranraj.s@vdartinc.com","ip":"::1","action":"view","record_id":null,"details":"Viewed dashboard page"}
